
Pre-compute the detection and pump probabilities for spin 1...

Computing the EPR spectrum of the spin system in the frequency domain...

Computing the bandwidths of detection and pump pulses...

Computing the time trace of the experiment 'offset 1'
	 Number of Monte-Carlo samples with non-zero weights: 148603 out of 1000000
	 Timings:                                                     
	 Monte-Carlo samples            0:00:00.437371                
	 Resonance frequencies          0:00:00.654927                
	 Detection/pump probabilities   0:00:01.015358                
	 Modulation depths              0:00:00                       
	 Dipolar frequencies            0:00:00.031270                
	 PDS time trace                 0:00:00.015624                

Computing the time trace of the experiment 'offset 2'
	 Number of Monte-Carlo samples with non-zero weights: 205605 out of 1000000
	 Timings:                                                     
	 Monte-Carlo samples            0:00:00.468640                
	 Resonance frequencies          0:00:00.671686                
	 Detection/pump probabilities   0:00:01.007182                
	 Modulation depths              0:00:00.015618                
	 Dipolar frequencies            0:00:00.015621                
	 PDS time trace                 0:00:00.031243                

Computing the time trace of the experiment 'offset 3'
	 Number of Monte-Carlo samples with non-zero weights: 149463 out of 1000000
	 Timings:                                                     
	 Monte-Carlo samples            0:00:00.468634                
	 Resonance frequencies          0:00:00.656066                
	 Detection/pump probabilities   0:00:00.993643                
	 Modulation depths              0:00:00                       
	 Dipolar frequencies            0:00:00.015614                
	 PDS time trace                 0:00:00.031247                

Computing the time trace of the experiment 'offset 4'
	 Number of Monte-Carlo samples with non-zero weights: 227248 out of 1000000
	 Timings:                                                     
	 Monte-Carlo samples            0:00:00.484258                
	 Resonance frequencies          0:00:00.656096                
	 Detection/pump probabilities   0:00:01.007436                
	 Modulation depths              0:00:00.015601                
	 Dipolar frequencies            0:00:00.031261                
	 PDS time trace                 0:00:00.015621                
DONE!
