
Pre-compute the detection and pump probabilities for spin 1...

Computing the EPR spectrum of the spin system in the frequency domain...

Computing the bandwidths of detection and pump pulses...

Computing the time trace of the experiment 'offset 1'
	 Spins no. 0 and 1
	 Number of Monte-Carlo samples with non-zero weights: 54679 out of 100000
	 Timings:                                                     
	 Monte-Carlo samples            0:00:00.093730                
	 Resonance frequencies          0:00:00.078104                
	 Detection/pump probabilities   0:00:00.124942                
	 Modulation depths              0:00:00                       
	 Dipolar frequencies            0:00:00                       
	 PDS time trace                 0:00:00.015645                
	 Spins no. 0 and 2
	 Number of Monte-Carlo samples with non-zero weights: 52966 out of 100000
	 Timings:                                                     
	 Monte-Carlo samples            0:00:00.093733                
	 Resonance frequencies          0:00:00.062456                
	 Detection/pump probabilities   0:00:00.124970                
	 Modulation depths              0:00:00                       
	 Dipolar frequencies            0:00:00                       
	 PDS time trace                 0:00:00                       
	 Spins no. 1 and 2
	 Number of Monte-Carlo samples with non-zero weights: 54176 out of 100000
	 Timings:                                                     
	 Monte-Carlo samples            0:00:00.171839                
	 Resonance frequencies          0:00:00.093725                
	 Detection/pump probabilities   0:00:00.124972                
	 Modulation depths              0:00:00                       
	 Dipolar frequencies            0:00:00                       
	 PDS time trace                 0:00:00.015653                

Computing the time trace of the experiment 'offset 2'
	 Spins no. 0 and 1
	 Number of Monte-Carlo samples with non-zero weights: 54606 out of 100000
	 Timings:                                                     
	 Monte-Carlo samples            0:00:00.093763                
	 Resonance frequencies          0:00:00.078103                
	 Detection/pump probabilities   0:00:00.140563                
	 Modulation depths              0:00:00                       
	 Dipolar frequencies            0:00:00                       
	 PDS time trace                 0:00:00.015647                
	 Spins no. 0 and 2
	 Number of Monte-Carlo samples with non-zero weights: 51827 out of 100000
	 Timings:                                                     
	 Monte-Carlo samples            0:00:00.093732                
	 Resonance frequencies          0:00:00.078106                
	 Detection/pump probabilities   0:00:00.109317                
	 Modulation depths              0:00:00                       
	 Dipolar frequencies            0:00:00.015621                
	 PDS time trace                 0:00:00                       
	 Spins no. 1 and 2
	 Number of Monte-Carlo samples with non-zero weights: 54158 out of 100000
	 Timings:                                                     
	 Monte-Carlo samples            0:00:00.203109                
	 Resonance frequencies          0:00:00.093731                
	 Detection/pump probabilities   0:00:00.124964                
	 Modulation depths              0:00:00                       
	 Dipolar frequencies            0:00:00.015625                
	 PDS time trace                 0:00:00.015617                

Computing the time trace of the experiment 'offset 3'
	 Spins no. 0 and 1
	 Number of Monte-Carlo samples with non-zero weights: 11126 out of 100000
	 Timings:                                                     
	 Monte-Carlo samples            0:00:00.093732                
	 Resonance frequencies          0:00:00.093725                
	 Detection/pump probabilities   0:00:00.124942                
	 Modulation depths              0:00:00                       
	 Dipolar frequencies            0:00:00                       
	 PDS time trace                 0:00:00.015654                
	 Spins no. 0 and 2
	 Number of Monte-Carlo samples with non-zero weights: 10609 out of 100000
	 Timings:                                                     
	 Monte-Carlo samples            0:00:00.078112                
	 Resonance frequencies          0:00:00.078100                
	 Detection/pump probabilities   0:00:00.109346                
	 Modulation depths              0:00:00                       
	 Dipolar frequencies            0:00:00.015625                
	 PDS time trace                 0:00:00                       
	 Spins no. 1 and 2
	 Number of Monte-Carlo samples with non-zero weights: 10662 out of 100000
	 Timings:                                                     
	 Monte-Carlo samples            0:00:00.171832                
	 Resonance frequencies          0:00:00.093701                
	 Detection/pump probabilities   0:00:00.109379                
	 Modulation depths              0:00:00                       
	 Dipolar frequencies            0:00:00                       
	 PDS time trace                 0:00:00.015620                

Computing the time trace of the experiment 'offset 4'
	 Spins no. 0 and 1
	 Number of Monte-Carlo samples with non-zero weights: 47500 out of 100000
	 Timings:                                                     
	 Monte-Carlo samples            0:00:00.093731                
	 Resonance frequencies          0:00:00.078074                
	 Detection/pump probabilities   0:00:00.124969                
	 Modulation depths              0:00:00                       
	 Dipolar frequencies            0:00:00                       
	 PDS time trace                 0:00:00.015649                
	 Spins no. 0 and 2
	 Number of Monte-Carlo samples with non-zero weights: 48512 out of 100000
	 Timings:                                                     
	 Monte-Carlo samples            0:00:00.093739                
	 Resonance frequencies          0:00:00.078068                
	 Detection/pump probabilities   0:00:00.109385                
	 Modulation depths              0:00:00                       
	 Dipolar frequencies            0:00:00                       
	 PDS time trace                 0:00:00.015619                
	 Spins no. 1 and 2
	 Number of Monte-Carlo samples with non-zero weights: 48266 out of 100000
	 Timings:                                                     
	 Monte-Carlo samples            0:00:00.187459                
	 Resonance frequencies          0:00:00.093727                
	 Detection/pump probabilities   0:00:00.124937                
	 Modulation depths              0:00:00                       
	 Dipolar frequencies            0:00:00                       
	 PDS time trace                 0:00:00.015655                

Computing the time trace of the experiment 'offset 5'
	 Spins no. 0 and 1
	 Number of Monte-Carlo samples with non-zero weights: 24864 out of 100000
	 Timings:                                                     
	 Monte-Carlo samples            0:00:00.078077                
	 Resonance frequencies          0:00:00.093728                
	 Detection/pump probabilities   0:00:00.109348                
	 Modulation depths              0:00:00                       
	 Dipolar frequencies            0:00:00                       
	 PDS time trace                 0:00:00.015649                
	 Spins no. 0 and 2
	 Number of Monte-Carlo samples with non-zero weights: 24657 out of 100000
	 Timings:                                                     
	 Monte-Carlo samples            0:00:00.078108                
	 Resonance frequencies          0:00:00.078106                
	 Detection/pump probabilities   0:00:00.109350                
	 Modulation depths              0:00:00                       
	 Dipolar frequencies            0:00:00                       
	 PDS time trace                 0:00:00                       
	 Spins no. 1 and 2
	 Number of Monte-Carlo samples with non-zero weights: 25028 out of 100000
	 Timings:                                                     
	 Monte-Carlo samples            0:00:00.157687                
	 Resonance frequencies          0:00:00.093724                
	 Detection/pump probabilities   0:00:00.109349                
	 Modulation depths              0:00:00                       
	 Dipolar frequencies            0:00:00                       
	 PDS time trace                 0:00:00.015618                

Computing the time trace of the experiment 'offset 6'
	 Spins no. 0 and 1
	 Number of Monte-Carlo samples with non-zero weights: 52552 out of 100000
	 Timings:                                                     
	 Monte-Carlo samples            0:00:00.078100                
	 Resonance frequencies          0:00:00.093730                
	 Detection/pump probabilities   0:00:00.109353                
	 Modulation depths              0:00:00                       
	 Dipolar frequencies            0:00:00.015616                
	 PDS time trace                 0:00:00.015621                
	 Spins no. 0 and 2
	 Number of Monte-Carlo samples with non-zero weights: 50898 out of 100000
	 Timings:                                                     
	 Monte-Carlo samples            0:00:00.093728                
	 Resonance frequencies          0:00:00.078109                
	 Detection/pump probabilities   0:00:00.109352                
	 Modulation depths              0:00:00                       
	 Dipolar frequencies            0:00:00                       
	 PDS time trace                 0:00:00.015617                
	 Spins no. 1 and 2
	 Number of Monte-Carlo samples with non-zero weights: 52346 out of 100000
	 Timings:                                                     
	 Monte-Carlo samples            0:00:00.171869                
	 Resonance frequencies          0:00:00.093726                
	 Detection/pump probabilities   0:00:00.109350                
	 Modulation depths              0:00:00                       
	 Dipolar frequencies            0:00:00                       
	 PDS time trace                 0:00:00.015619                

Computing the time trace of the experiment 'offset 7'
	 Spins no. 0 and 1
	 Number of Monte-Carlo samples with non-zero weights: 22202 out of 100000
	 Timings:                                                     
	 Monte-Carlo samples            0:00:00.078076                
	 Resonance frequencies          0:00:00.078106                
	 Detection/pump probabilities   0:00:00.124971                
	 Modulation depths              0:00:00                       
	 Dipolar frequencies            0:00:00                       
	 PDS time trace                 0:00:00.015651                
	 Spins no. 0 and 2
	 Number of Monte-Carlo samples with non-zero weights: 20375 out of 100000
	 Timings:                                                     
	 Monte-Carlo samples            0:00:00.078077                
	 Resonance frequencies          0:00:00.078106                
	 Detection/pump probabilities   0:00:00.109386                
	 Modulation depths              0:00:00                       
	 Dipolar frequencies            0:00:00                       
	 PDS time trace                 0:00:00                       
	 Spins no. 1 and 2
	 Number of Monte-Carlo samples with non-zero weights: 21536 out of 100000
	 Timings:                                                     
	 Monte-Carlo samples            0:00:00.171834                
	 Resonance frequencies          0:00:00.093727                
	 Detection/pump probabilities   0:00:00.109315                
	 Modulation depths              0:00:00                       
	 Dipolar frequencies            0:00:00                       
	 PDS time trace                 0:00:00.015653                

Computing the time trace of the experiment 'offset 8'
	 Spins no. 0 and 1
	 Number of Monte-Carlo samples with non-zero weights: 1286 out of 100000
	 Timings:                                                     
	 Monte-Carlo samples            0:00:00.093731                
	 Resonance frequencies          0:00:00.078102                
	 Detection/pump probabilities   0:00:00.109323                
	 Modulation depths              0:00:00                       
	 Dipolar frequencies            0:00:00                       
	 PDS time trace                 0:00:00.015619                
	 Spins no. 0 and 2
	 Number of Monte-Carlo samples with non-zero weights: 2915 out of 100000
	 Timings:                                                     
	 Monte-Carlo samples            0:00:00.078140                
	 Resonance frequencies          0:00:00.078105                
	 Detection/pump probabilities   0:00:00.124941                
	 Modulation depths              0:00:00                       
	 Dipolar frequencies            0:00:00                       
	 PDS time trace                 0:00:00                       
	 Spins no. 1 and 2
	 Number of Monte-Carlo samples with non-zero weights: 1895 out of 100000
	 Timings:                                                     
	 Monte-Carlo samples            0:00:00.171866                
	 Resonance frequencies          0:00:00.093728                
	 Detection/pump probabilities   0:00:00.109346                
	 Modulation depths              0:00:00                       
	 Dipolar frequencies            0:00:00                       
	 PDS time trace                 0:00:00.015622                

Computing the time trace of the experiment 'offset 9'
	 Spins no. 0 and 1
	 Number of Monte-Carlo samples with non-zero weights: 27442 out of 100000
	 Timings:                                                     
	 Monte-Carlo samples            0:00:00.078108                
	 Resonance frequencies          0:00:00.078074                
	 Detection/pump probabilities   0:00:00.109347                
	 Modulation depths              0:00:00                       
	 Dipolar frequencies            0:00:00.015649                
	 PDS time trace                 0:00:00                       
	 Spins no. 0 and 2
	 Number of Monte-Carlo samples with non-zero weights: 27530 out of 100000
	 Timings:                                                     
	 Monte-Carlo samples            0:00:00.093759                
	 Resonance frequencies          0:00:00.062456                
	 Detection/pump probabilities   0:00:00.109347                
	 Modulation depths              0:00:00                       
	 Dipolar frequencies            0:00:00.015653                
	 PDS time trace                 0:00:00                       
	 Spins no. 1 and 2
	 Number of Monte-Carlo samples with non-zero weights: 27649 out of 100000
	 Timings:                                                     
	 Monte-Carlo samples            0:00:00.156220                
	 Resonance frequencies          0:00:00.095112                
	 Detection/pump probabilities   0:00:00.109349                
	 Modulation depths              0:00:00                       
	 Dipolar frequencies            0:00:00                       
	 PDS time trace                 0:00:00.015619                

Computing the time trace of the experiment 'offset 10'
	 Spins no. 0 and 1
	 Number of Monte-Carlo samples with non-zero weights: 28482 out of 100000
	 Timings:                                                     
	 Monte-Carlo samples            0:00:00.078115                
	 Resonance frequencies          0:00:00.078104                
	 Detection/pump probabilities   0:00:00.140557                
	 Modulation depths              0:00:00                       
	 Dipolar frequencies            0:00:00                       
	 PDS time trace                 0:00:00.015623                
	 Spins no. 0 and 2
	 Number of Monte-Carlo samples with non-zero weights: 27576 out of 100000
	 Timings:                                                     
	 Monte-Carlo samples            0:00:00.078140                
	 Resonance frequencies          0:00:00.078071                
	 Detection/pump probabilities   0:00:00.109350                
	 Modulation depths              0:00:00                       
	 Dipolar frequencies            0:00:00                       
	 PDS time trace                 0:00:00                       
	 Spins no. 1 and 2
	 Number of Monte-Carlo samples with non-zero weights: 28116 out of 100000
	 Timings:                                                     
	 Monte-Carlo samples            0:00:00.156221                
	 Resonance frequencies          0:00:00.093693                
	 Detection/pump probabilities   0:00:00.109383                
	 Modulation depths              0:00:00                       
	 Dipolar frequencies            0:00:00                       
	 PDS time trace                 0:00:00.015618                

Computing the time trace of the experiment 'offset 11'
	 Spins no. 0 and 1
	 Number of Monte-Carlo samples with non-zero weights: 20427 out of 100000
	 Timings:                                                     
	 Monte-Carlo samples            0:00:00.078100                
	 Resonance frequencies          0:00:00.078105                
	 Detection/pump probabilities   0:00:00.109350                
	 Modulation depths              0:00:00                       
	 Dipolar frequencies            0:00:00.015648                
	 PDS time trace                 0:00:00                       
	 Spins no. 0 and 2
	 Number of Monte-Carlo samples with non-zero weights: 23582 out of 100000
	 Timings:                                                     
	 Monte-Carlo samples            0:00:00.093704                
	 Resonance frequencies          0:00:00.078105                
	 Detection/pump probabilities   0:00:00.124971                
	 Modulation depths              0:00:00                       
	 Dipolar frequencies            0:00:00                       
	 PDS time trace                 0:00:00                       
	 Spins no. 1 and 2
	 Number of Monte-Carlo samples with non-zero weights: 21404 out of 100000
	 Timings:                                                     
	 Monte-Carlo samples            0:00:00.171865                
	 Resonance frequencies          0:00:00.109349                
	 Detection/pump probabilities   0:00:00.109349                
	 Modulation depths              0:00:00                       
	 Dipolar frequencies            0:00:00                       
	 PDS time trace                 0:00:00.015620                

Computing the time trace of the experiment 'offset 12'
	 Spins no. 0 and 1
	 Number of Monte-Carlo samples with non-zero weights: 5791 out of 100000
	 Timings:                                                     
	 Monte-Carlo samples            0:00:00.093732                
	 Resonance frequencies          0:00:00.078071                
	 Detection/pump probabilities   0:00:00.109380                
	 Modulation depths              0:00:00                       
	 Dipolar frequencies            0:00:00                       
	 PDS time trace                 0:00:00.015618                
	 Spins no. 0 and 2
	 Number of Monte-Carlo samples with non-zero weights: 8102 out of 100000
	 Timings:                                                     
	 Monte-Carlo samples            0:00:00.078110                
	 Resonance frequencies          0:00:00.078107                
	 Detection/pump probabilities   0:00:00.109352                
	 Modulation depths              0:00:00                       
	 Dipolar frequencies            0:00:00                       
	 PDS time trace                 0:00:00                       
	 Spins no. 1 and 2
	 Number of Monte-Carlo samples with non-zero weights: 6712 out of 100000
	 Timings:                                                     
	 Monte-Carlo samples            0:00:00.171799                
	 Resonance frequencies          0:00:00.093760                
	 Detection/pump probabilities   0:00:00.124939                
	 Modulation depths              0:00:00                       
	 Dipolar frequencies            0:00:00                       
	 PDS time trace                 0:00:00.015652                

Computing the time trace of the experiment 'offset 13'
	 Spins no. 0 and 1
	 Number of Monte-Carlo samples with non-zero weights: 6937 out of 100000
	 Timings:                                                     
	 Monte-Carlo samples            0:00:00.093731                
	 Resonance frequencies          0:00:00.078105                
	 Detection/pump probabilities   0:00:00.109317                
	 Modulation depths              0:00:00                       
	 Dipolar frequencies            0:00:00                       
	 PDS time trace                 0:00:00.015648                
	 Spins no. 0 and 2
	 Number of Monte-Carlo samples with non-zero weights: 7369 out of 100000
	 Timings:                                                     
	 Monte-Carlo samples            0:00:00.109329                
	 Resonance frequencies          0:00:00.078102                
	 Detection/pump probabilities   0:00:00.093764                
	 Modulation depths              0:00:00                       
	 Dipolar frequencies            0:00:00.015610                
	 PDS time trace                 0:00:00                       
	 Spins no. 1 and 2
	 Number of Monte-Carlo samples with non-zero weights: 7094 out of 100000
	 Timings:                                                     
	 Monte-Carlo samples            0:00:00.156186                
	 Resonance frequencies          0:00:00.093762                
	 Detection/pump probabilities   0:00:00.109317                
	 Modulation depths              0:00:00                       
	 Dipolar frequencies            0:00:00                       
	 PDS time trace                 0:00:00.015651                
DONE!
