
Computing the EPR spectrum of the spin system in the frequency domain...
(193, 3) (193, 3)
(193, 3) (193, 3)
<class 'dict'>
(193, 3) (193, 3)
(193, 3) (193, 3)
<class 'dict'>
(193, 3) (193, 3)
(193, 3) (193, 3)
<class 'dict'>
(193, 3) (193, 3)
(193, 3) (193, 3)
<class 'dict'>
(193, 3) (193, 3)
(193, 3) (193, 3)
<class 'dict'>
(193, 3) (193, 3)
(193, 3) (193, 3)
<class 'dict'>
<class 'dict'>
[93.39029218 93.39129218 93.39229218 93.39329218 93.39429218 93.39529218
 93.39629218 93.39729218 93.39829218 93.39929218 93.40029218 93.40129218
 93.40229218 93.40329218 93.40429218 93.40529218 93.40629218 93.40729218
 93.40829218 93.40929218 93.41029218 93.41129218 93.41229218 93.41329218
 93.41429218 93.41529218 93.41629218 93.41729218 93.41829218 93.41929218
 93.42029218 93.42129218 93.42229218 93.42329218 93.42429218 93.42529218
 93.42629218 93.42729218 93.42829218 93.42929218 93.43029218 93.43129218
 93.43229218 93.43329218 93.43429218 93.43529218 93.43629218 93.43729218
 93.43829218 93.43929218 93.44029218 93.44129218 93.44229218 93.44329218
 93.44429218 93.44529218 93.44629218 93.44729218 93.44829218 93.44929218
 93.45029218 93.45129218 93.45229218 93.45329218 93.45429218 93.45529218
 93.45629218 93.45729218 93.45829218 93.45929218 93.46029218 93.46129218
 93.46229218 93.46329218 93.46429218 93.46529218 93.46629218 93.46729218
 93.46829218 93.46929218 93.47029218 93.47129218 93.47229218 93.47329218
 93.47429218 93.47529218 93.47629218 93.47729218 93.47829218 93.47929218
 93.48029218 93.48129218 93.48229218 93.48329218 93.48429218 93.48529218
 93.48629218 93.48729218 93.48829218 93.48929218 93.49029218 93.49129218
 93.49229218 93.49329218 93.49429218 93.49529218 93.49629218 93.49729218
 93.49829218 93.49929218 93.50029218 93.50129218 93.50229218 93.50329218
 93.50429218 93.50529218 93.50629218 93.50729218 93.50829218 93.50929218
 93.51029218 93.51129218 93.51229218 93.51329218 93.51429218 93.51529218
 93.51629218 93.51729218 93.51829218 93.51929218 93.52029218 93.52129218
 93.52229218 93.52329218 93.52429218 93.52529218 93.52629218 93.52729218
 93.52829218 93.52929218 93.53029218 93.53129218 93.53229218 93.53329218
 93.53429218 93.53529218 93.53629218 93.53729218 93.53829218 93.53929218
 93.54029218 93.54129218 93.54229218 93.54329218 93.54429218 93.54529218
 93.54629218 93.54729218 93.54829218 93.54929218 93.55029218 93.55129218
 93.55229218 93.55329218 93.55429218 93.55529218 93.55629218 93.55729218
 93.55829218 93.55929218 93.56029218 93.56129218 93.56229218 93.56329218
 93.56429218 93.56529218 93.56629218 93.56729218 93.56829218 93.56929218
 93.57029218 93.57129218 93.57229218 93.57329218 93.57429218 93.57529218
 93.57629218 93.57729218 93.57829218 93.57929218 93.58029218 93.58129218
 93.58229218 93.58329218 93.58429218 93.58529218 93.58629218 93.58729218
 93.58829218 93.58929218 93.59029218 93.59129218 93.59229218 93.59329218
 93.59429218 93.59529218 93.59629218 93.59729218 93.59829218 93.59929218
 93.60029218 93.60129218 93.60229218 93.60329218 93.60429218 93.60529218
 93.60629218 93.60729218 93.60829218 93.60929218 93.61029218 93.61129218
 93.61229218 93.61329218 93.61429218 93.61529218 93.61629218 93.61729218
 93.61829218 93.61929218 93.62029218 93.62129218 93.62229218 93.62329218
 93.62429218 93.62529218 93.62629218 93.62729218 93.62829218 93.62929218
 93.63029218 93.63129218 93.63229218 93.63329218 93.63429218 93.63529218
 93.63629218 93.63729218 93.63829218 93.63929218 93.64029218 93.64129218
 93.64229218 93.64329218 93.64429218 93.64529218 93.64629218 93.64729218
 93.64829218 93.64929218 93.65029218 93.65129218 93.65229218 93.65329218
 93.65429218 93.65529218 93.65629218 93.65729218 93.65829218 93.65929218
 93.66029218 93.66129218 93.66229218 93.66329218 93.66429218 93.66529218
 93.66629218 93.66729218 93.66829218 93.66929218 93.67029218 93.67129218
 93.67229218 93.67329218 93.67429218 93.67529218 93.67629218 93.67729218
 93.67829218 93.67929218 93.68029218 93.68129218 93.68229218 93.68329218
 93.68429218 93.68529218 93.68629218 93.68729218 93.68829218 93.68929218
 93.69029218 93.69129218 93.69229218 93.69329218 93.69429218 93.69529218
 93.69629218 93.69729218 93.69829218 93.69929218 93.70029218 93.70129218
 93.70229218 93.70329218 93.70429218 93.70529218 93.70629218 93.70729218
 93.70829218 93.70929218 93.71029218 93.71129218 93.71229218 93.71329218
 93.71429218 93.71529218 93.71629218 93.71729218 93.71829218 93.71929218
 93.72029218 93.72129218 93.72229218 93.72329218 93.72429218 93.72529218
 93.72629218 93.72729218 93.72829218 93.72929218 93.73029218 93.73129218
 93.73229218 93.73329218 93.73429218 93.73529218 93.73629218 93.73729218
 93.73829218 93.73929218 93.74029218 93.74129218 93.74229218 93.74329218
 93.74429218 93.74529218 93.74629218 93.74729218 93.74829218 93.74929218
 93.75029218 93.75129218 93.75229218 93.75329218 93.75429218 93.75529218
 93.75629218 93.75729218 93.75829218 93.75929218 93.76029218 93.76129218
 93.76229218 93.76329218 93.76429218 93.76529218 93.76629218 93.76729218
 93.76829218 93.76929218 93.77029218 93.77129218 93.77229218 93.77329218
 93.77429218 93.77529218 93.77629218 93.77729218 93.77829218 93.77929218
 93.78029218 93.78129218 93.78229218 93.78329218 93.78429218 93.78529218
 93.78629218 93.78729218 93.78829218 93.78929218 93.79029218 93.79129218
 93.79229218 93.79329218 93.79429218 93.79529218 93.79629218 93.79729218
 93.79829218 93.79929218 93.80029218 93.80129218 93.80229218 93.80329218
 93.80429218 93.80529218 93.80629218 93.80729218 93.80829218 93.80929218
 93.81029218 93.81129218 93.81229218 93.81329218 93.81429218 93.81529218
 93.81629218 93.81729218 93.81829218 93.81929218 93.82029218 93.82129218
 93.82229218 93.82329218 93.82429218 93.82529218 93.82629218 93.82729218
 93.82829218 93.82929218 93.83029218 93.83129218 93.83229218 93.83329218
 93.83429218 93.83529218 93.83629218 93.83729218 93.83829218 93.83929218
 93.84029218 93.84129218 93.84229218 93.84329218 93.84429218 93.84529218
 93.84629218 93.84729218 93.84829218 93.84929218 93.85029218 93.85129218
 93.85229218 93.85329218 93.85429218 93.85529218 93.85629218 93.85729218
 93.85829218 93.85929218 93.86029218 93.86129218 93.86229218 93.86329218
 93.86429218 93.86529218 93.86629218 93.86729218 93.86829218 93.86929218
 93.87029218 93.87129218 93.87229218 93.87329218 93.87429218 93.87529218
 93.87629218 93.87729218 93.87829218 93.87929218 93.88029218 93.88129218
 93.88229218 93.88329218 93.88429218 93.88529218 93.88629218 93.88729218
 93.88829218 93.88929218 93.89029218 93.89129218 93.89229218 93.89329218
 93.89429218 93.89529218 93.89629218 93.89729218 93.89829218 93.89929218
 93.90029218 93.90129218 93.90229218 93.90329218 93.90429218 93.90529218
 93.90629218 93.90729218 93.90829218 93.90929218 93.91029218 93.91129218
 93.91229218 93.91329218 93.91429218 93.91529218 93.91629218 93.91729218
 93.91829218 93.91929218 93.92029218 93.92129218 93.92229218 93.92329218
 93.92429218 93.92529218 93.92629218 93.92729218 93.92829218 93.92929218
 93.93029218 93.93129218 93.93229218 93.93329218 93.93429218 93.93529218
 93.93629218 93.93729218 93.93829218 93.93929218 93.94029218 93.94129218
 93.94229218 93.94329218 93.94429218 93.94529218 93.94629218 93.94729218
 93.94829218 93.94929218 93.95029218 93.95129218 93.95229218 93.95329218
 93.95429218 93.95529218 93.95629218 93.95729218 93.95829218 93.95929218
 93.96029218 93.96129218 93.96229218 93.96329218 93.96429218 93.96529218
 93.96629218 93.96729218 93.96829218 93.96929218 93.97029218 93.97129218
 93.97229218 93.97329218 93.97429218 93.97529218 93.97629218 93.97729218
 93.97829218 93.97929218 93.98029218 93.98129218 93.98229218 93.98329218
 93.98429218 93.98529218 93.98629218 93.98729218 93.98829218 93.98929218
 93.99029218 93.99129218 93.99229218 93.99329218 93.99429218 93.99529218
 93.99629218 93.99729218 93.99829218 93.99929218 94.00029218 94.00129218
 94.00229218 94.00329218 94.00429218 94.00529218 94.00629218 94.00729218
 94.00829218 94.00929218 94.01029218 94.01129218 94.01229218 94.01329218
 94.01429218 94.01529218 94.01629218 94.01729218 94.01829218 94.01929218
 94.02029218 94.02129218 94.02229218 94.02329218 94.02429218 94.02529218
 94.02629218 94.02729218 94.02829218 94.02929218 94.03029218 94.03129218
 94.03229218 94.03329218 94.03429218 94.03529218 94.03629218 94.03729218
 94.03829218 94.03929218 94.04029218 94.04129218 94.04229218 94.04329218
 94.04429218 94.04529218 94.04629218 94.04729218 94.04829218 94.04929218
 94.05029218 94.05129218 94.05229218 94.05329218 94.05429218 94.05529218
 94.05629218 94.05729218 94.05829218 94.05929218 94.06029218 94.06129218
 94.06229218 94.06329218 94.06429218 94.06529218 94.06629218 94.06729218
 94.06829218 94.06929218 94.07029218 94.07129218 94.07229218 94.07329218
 94.07429218 94.07529218 94.07629218 94.07729218 94.07829218 94.07929218
 94.08029218 94.08129218 94.08229218 94.08329218 94.08429218 94.08529218
 94.08629218 94.08729218 94.08829218 94.08929218 94.09029218 94.09129218
 94.09229218 94.09329218 94.09429218 94.09529218 94.09629218 94.09729218
 94.09829218 94.09929218 94.10029218 94.10129218 94.10229218 94.10329218
 94.10429218 94.10529218 94.10629218 94.10729218 94.10829218 94.10929218
 94.11029218 94.11129218 94.11229218 94.11329218 94.11429218 94.11529218
 94.11629218 94.11729218 94.11829218 94.11929218 94.12029218 94.12129218
 94.12229218 94.12329218 94.12429218 94.12529218 94.12629218 94.12729218
 94.12829218 94.12929218 94.13029218 94.13129218 94.13229218 94.13329218
 94.13429218 94.13529218 94.13629218 94.13729218 94.13829218 94.13929218
 94.14029218 94.14129218 94.14229218 94.14329218 94.14429218 94.14529218
 94.14629218 94.14729218 94.14829218 94.14929218 94.15029218 94.15129218
 94.15229218 94.15329218 94.15429218 94.15529218 94.15629218 94.15729218
 94.15829218 94.15929218 94.16029218 94.16129218 94.16229218 94.16329218
 94.16429218 94.16529218 94.16629218 94.16729218 94.16829218 94.16929218
 94.17029218 94.17129218 94.17229218 94.17329218 94.17429218 94.17529218
 94.17629218 94.17729218 94.17829218 94.17929218 94.18029218]
[0.         0.         0.         0.         0.         0.
 0.         0.         0.         0.         0.         0.
 0.         0.         0.         0.         0.         0.
 0.         0.         0.         0.         0.         0.
 0.         0.         0.         0.         0.         0.
 0.         0.         0.         0.         0.         0.
 0.         0.         0.         0.         0.         0.
 0.         0.         0.         0.         0.         0.
 0.         0.         0.         0.         0.         0.
 0.         0.         0.         0.         0.         0.
 0.         0.         0.         0.         0.         0.
 0.         0.         0.         0.         0.         0.
 0.         0.         0.         0.         0.         0.
 0.         0.         0.         0.         0.         0.
 0.         0.         0.         0.         0.         0.
 0.         0.         0.         0.         0.         0.
 0.         0.         0.         0.         0.00316101 0.
 0.         0.         0.         0.         0.         0.
 0.         0.         0.         0.         0.         0.
 0.         0.         0.         0.         0.         0.
 0.         0.         0.         0.         0.         0.
 0.00731689 0.         0.         0.         0.         0.
 0.         0.         0.         0.         0.         0.
 0.         0.         0.         0.         0.         0.
 0.         0.         0.         0.         0.         0.
 0.         0.         0.         0.         0.         0.
 0.         0.         0.         0.00731689 0.         0.
 0.         0.00316101 0.         0.         0.         0.
 0.         0.         0.         0.         0.         0.
 0.0119994  0.         0.         0.         0.         0.
 0.         0.         0.00731689 0.         0.00316101 0.
 0.         0.         0.         0.         0.         0.00731689
 0.         0.         0.00632202 0.         0.00316101 0.
 0.00731689 0.         0.         0.         0.00632202 0.
 0.00316101 0.         0.00731689 0.         0.         0.
 0.         0.         0.         0.         0.         0.
 0.         0.         0.         0.00883839 0.00316101 0.
 0.         0.01271008 0.00883839 0.01271008 0.         0.
 0.00883839 0.         0.         0.         0.         0.00316101
 0.0119994  0.01271008 0.         0.         0.         0.00731689
 0.02154847 0.         0.         0.         0.         0.
 0.01271008 0.         0.         0.01271008 0.00731689 0.00731689
 0.01769908 0.         0.02154847 0.         0.00883839 0.01615528
 0.         0.         0.01271008 0.         0.00316101 0.
 0.01741324 0.00883839 0.01767678 0.         0.         0.01271008
 0.0104779  0.         0.         0.01271008 0.00316101 0.
 0.03273704 0.02625163 0.         0.         0.         0.01271008
 0.         0.         0.         0.         0.01741324 0.02002696
 0.01453807 0.00316101 0.         0.01271008 0.01587109 0.
 0.03221485 0.         0.02741093 0.01693303 0.         0.02154847
 0.02002696 0.00731689 0.01271008 0.         0.00731689 0.
 0.01741324 0.01463377 0.01271008 0.01271008 0.00316101 0.00632202
 0.01587109 0.00316101 0.04188191 0.0119994  0.05301956 0.00731689
 0.02057425 0.         0.0104779  0.01453807 0.05149806 0.
 0.01453807 0.01741324 0.         0.04214337 0.         0.
 0.03131569 0.02625163 0.01587109 0.         0.04888434 0.0296431
 0.05119157 0.02002696 0.00316101 0.         0.01693303 0.02886535
 0.05637495 0.03012332 0.         0.02154847 0.         0.01971413
 0.01463377 0.0540604  0.01271008 0.02470948 0.01453807 0.05955869
 0.04156908 0.01271008 0.02917184 0.02724814 0.00883839 0.02724814
 0.01271008 0.02542015 0.02724814 0.         0.         0.03695999
 0.00731689 0.0407897  0.01693303 0.         0.05101302 0.01587109
 0.00316101 0.03664716 0.05689125 0.02154847 0.         0.03586941
 0.03177179 0.05502684 0.0279001  0.05166544 0.         0.05684151
 0.10236301 0.01693303 0.01271008 0.00883839 0.03522125 0.05735264
 0.00731689 0.01453807 0.01453807 0.05358019 0.         0.02185495
 0.03664716 0.03509002 0.04513428 0.03434627 0.01271008 0.03242421
 0.02057425 0.01741324 0.00731689 0.03147109 0.06536686 0.01587109
 0.03177179 0.05247727 0.04657613 0.05340798 0.06536686 0.03812342
 0.02542015 0.10832743 0.07623084 0.04283339 0.07302804 0.04056137
 0.03974109 0.04695711 0.03522125 0.05331391 0.07769344 0.08910564
 0.0374402  0.01271008 0.12185493 0.05273184 0.0512793  0.00316101
 0.02954387 0.0119994  0.         0.0230169  0.03268259 0.06207462
 0.03647495 0.         0.03980323 0.04923571 0.         0.01271008
 0.05783285 0.07199985 0.06045038 0.04522793 0.         0.06341422
 0.13876964 0.04358062 0.0778305  0.03811872 0.03976719 0.10014974
 0.09834963 0.0785616  0.06955158 0.02439888 0.03726913 0.0909547
 0.03776208 0.08064245 0.07383517 0.11235998 0.09171496 0.05481867
 0.07752927 0.09868582 0.1143     0.12032816 0.01985589 0.11081059
 0.06111624 0.03664716 0.15885605 0.0985691  0.07500891 0.09454856
 0.11079571 0.04624169 0.07667968 0.12916655 0.09194605 0.16802275
 0.03678892 0.18268085 0.08413664 0.03811872 0.05802342 0.06045038
 0.07781358 0.17728836 0.1099717  0.12051712 0.12415195 0.
 0.10949657 0.11864769 0.11820775 0.16958621 0.09129363 0.00746585
 0.03942827 0.06795227 0.02070548 0.05684151 0.11720601 0.02230391
 0.17074298 0.13070572 0.08557144 0.11707553 0.08166984 0.17831907
 0.07037051 0.10143236 0.14081547 0.14968832 0.11901751 0.09815236
 0.05994242 0.06326752 0.13693901 0.03976719 0.16027427 0.04101701
 0.04258434 0.10830041 0.12024869 0.10355097 0.11006237 0.21329646
 0.02068319 0.0913521  0.0170566  0.10252676 0.04681712 0.12434728
 0.06126685 0.1088535  0.07154725 0.06425887 0.04357568 0.06535788
 0.04574041 0.08980422 0.12590492 0.10638458 0.06804432 0.09762909
 0.04936707 0.11000099 0.02068319 0.04272609 0.08195002 0.19274811
 0.0658796  0.04357568 0.14544456 0.08656278 0.01741324 0.
 0.11537187 0.06644589 0.20147711 0.10402606 0.09144723 0.
 0.11153164 0.05999758 0.07703632 0.04272609 0.04053907 0.04463011
 0.08940146 0.04366105 0.03976719 0.14761549 0.13286948 0.
 0.08656278 0.0602755  0.06473681 0.02230391 0.10238522 0.01971413
 0.09961372 0.06374546 0.02230391 0.09453045 0.01971413 0.05648486
 0.03957002 0.04355339 0.08806266 0.09499629 0.07757823 0.04520563
 0.0569834  0.06229847 0.04272609 0.06052163 0.04883222 0.01985589
 0.04357568 0.06471451 0.09567164 0.02068319 0.08177111 0.09752247
 0.08563963 0.01985589 0.05890091 0.02068319 0.02068319 0.0608729
 0.09668528 0.06636676 0.02068319 0.02068319 0.02068319 0.07170243
 0.03773978 0.085767   0.06300543 0.0170566  0.03821772 0.02814904
 0.03411319 0.0170566  0.03691249 0.02862697 0.         0.02116112
 0.04053907 0.         0.05479638 0.02070548 0.05937884 0.
 0.04157904 0.0170566  0.0170566  0.         0.04272609 0.
 0.0170566  0.         0.         0.02116112 0.05842297 0.03821772
 0.03691249 0.         0.         0.02068319 0.         0.03411319
 0.         0.0228702  0.00746585 0.03773978 0.         0.0170566
 0.00746585 0.         0.         0.         0.         0.00746585
 0.         0.         0.         0.04786317 0.         0.0170566
 0.         0.         0.01985589 0.         0.         0.
 0.         0.         0.         0.         0.03677073 0.
 0.         0.         0.         0.         0.         0.
 0.         0.         0.         0.         0.         0.
 0.         0.         0.         0.         0.         0.
 0.         0.         0.         0.         0.         0.
 0.         0.         0.         0.         0.         0.
 0.         0.         0.         0.         0.         0.
 0.         0.         0.         0.         0.         0.
 0.         0.         0.         0.         0.         0.
 0.         0.         0.         0.         0.         0.
 0.         0.         0.         0.         0.         0.
 0.         0.         0.         0.         0.         0.
 0.         0.         0.         0.         0.         0.
 0.         0.         0.         0.         0.         0.
 0.         0.         0.         0.         0.         0.
 0.         0.         0.         0.         0.         0.
 0.         0.         0.         0.         0.         0.
 0.         0.         0.         0.         0.        ]
