
Pre-compute the detection and pump probabilities for spin 1...

Computing the EPR spectrum of the spin system in the frequency domain...

Computing the bandwidths of detection and pump pulses...

Computing the time trace of the experiment 'offset 1'
	 Spins no. 0 and 1
	 Number of Monte-Carlo samples with non-zero weights: 54810 out of 100000
	 Timings:                                                     
	 Monte-Carlo samples            0:00:00.093732                
	 Resonance frequencies          0:00:00.062482                
	 Detection/pump probabilities   0:00:00.109350                
	 Modulation depths              0:00:00.015584                
	 Dipolar frequencies            0:00:00                       
	 PDS time trace                 0:00:00.015623                
	 Spins no. 0 and 2
	 Number of Monte-Carlo samples with non-zero weights: 52488 out of 100000
	 Timings:                                                     
	 Monte-Carlo samples            0:00:00.078107                
	 Resonance frequencies          0:00:00.078108                
	 Detection/pump probabilities   0:00:00.109351                
	 Modulation depths              0:00:00                       
	 Dipolar frequencies            0:00:00.015648                
	 PDS time trace                 0:00:00                       
	 Spins no. 1 and 2
	 Number of Monte-Carlo samples with non-zero weights: 54375 out of 100000
	 Timings:                                                     
	 Monte-Carlo samples            0:00:00.187459                
	 Resonance frequencies          0:00:00.093725                
	 Detection/pump probabilities   0:00:00.124969                
	 Modulation depths              0:00:00                       
	 Dipolar frequencies            0:00:00                       
	 PDS time trace                 0:00:00.031241                

Computing the time trace of the experiment 'offset 2'
	 Spins no. 0 and 1
	 Number of Monte-Carlo samples with non-zero weights: 54134 out of 100000
	 Timings:                                                     
	 Monte-Carlo samples            0:00:00.093700                
	 Resonance frequencies          0:00:00.078107                
	 Detection/pump probabilities   0:00:00.109382                
	 Modulation depths              0:00:00                       
	 Dipolar frequencies            0:00:00                       
	 PDS time trace                 0:00:00.015620                
	 Spins no. 0 and 2
	 Number of Monte-Carlo samples with non-zero weights: 51875 out of 100000
	 Timings:                                                     
	 Monte-Carlo samples            0:00:00.093730                
	 Resonance frequencies          0:00:00.078107                
	 Detection/pump probabilities   0:00:00.109349                
	 Modulation depths              0:00:00                       
	 Dipolar frequencies            0:00:00                       
	 PDS time trace                 0:00:00.015614                
	 Spins no. 1 and 2
	 Number of Monte-Carlo samples with non-zero weights: 53858 out of 100000
	 Timings:                                                     
	 Monte-Carlo samples            0:00:00.171841                
	 Resonance frequencies          0:00:00.093728                
	 Detection/pump probabilities   0:00:00.140590                
	 Modulation depths              0:00:00                       
	 Dipolar frequencies            0:00:00                       
	 PDS time trace                 0:00:00.015611                

Computing the time trace of the experiment 'offset 3'
	 Spins no. 0 and 1
	 Number of Monte-Carlo samples with non-zero weights: 11223 out of 100000
	 Timings:                                                     
	 Monte-Carlo samples            0:00:00.078099                
	 Resonance frequencies          0:00:00.078108                
	 Detection/pump probabilities   0:00:00.109349                
	 Modulation depths              0:00:00                       
	 Dipolar frequencies            0:00:00                       
	 PDS time trace                 0:00:00.015621                
	 Spins no. 0 and 2
	 Number of Monte-Carlo samples with non-zero weights: 10236 out of 100000
	 Timings:                                                     
	 Monte-Carlo samples            0:00:00.093728                
	 Resonance frequencies          0:00:00.078108                
	 Detection/pump probabilities   0:00:00.093762                
	 Modulation depths              0:00:00                       
	 Dipolar frequencies            0:00:00.015617                
	 PDS time trace                 0:00:00                       
	 Spins no. 1 and 2
	 Number of Monte-Carlo samples with non-zero weights: 10986 out of 100000
	 Timings:                                                     
	 Monte-Carlo samples            0:00:00.171837                
	 Resonance frequencies          0:00:00.093728                
	 Detection/pump probabilities   0:00:00.124967                
	 Modulation depths              0:00:00                       
	 Dipolar frequencies            0:00:00                       
	 PDS time trace                 0:00:00.015620                

Computing the time trace of the experiment 'offset 4'
	 Spins no. 0 and 1
	 Number of Monte-Carlo samples with non-zero weights: 47607 out of 100000
	 Timings:                                                     
	 Monte-Carlo samples            0:00:00.093730                
	 Resonance frequencies          0:00:00.078107                
	 Detection/pump probabilities   0:00:00.109352                
	 Modulation depths              0:00:00                       
	 Dipolar frequencies            0:00:00                       
	 PDS time trace                 0:00:00.015618                
	 Spins no. 0 and 2
	 Number of Monte-Carlo samples with non-zero weights: 48041 out of 100000
	 Timings:                                                     
	 Monte-Carlo samples            0:00:00.093731                
	 Resonance frequencies          0:00:00.078105                
	 Detection/pump probabilities   0:00:00.109352                
	 Modulation depths              0:00:00                       
	 Dipolar frequencies            0:00:00                       
	 PDS time trace                 0:00:00.015617                
	 Spins no. 1 and 2
	 Number of Monte-Carlo samples with non-zero weights: 48206 out of 100000
	 Timings:                                                     
	 Monte-Carlo samples            0:00:00.171838                
	 Resonance frequencies          0:00:00.093727                
	 Detection/pump probabilities   0:00:00.110759                
	 Modulation depths              0:00:00                       
	 Dipolar frequencies            0:00:00                       
	 PDS time trace                 0:00:00.031238                

Computing the time trace of the experiment 'offset 5'
	 Spins no. 0 and 1
	 Number of Monte-Carlo samples with non-zero weights: 24949 out of 100000
	 Timings:                                                     
	 Monte-Carlo samples            0:00:00.093731                
	 Resonance frequencies          0:00:00.078108                
	 Detection/pump probabilities   0:00:00.109352                
	 Modulation depths              0:00:00                       
	 Dipolar frequencies            0:00:00                       
	 PDS time trace                 0:00:00.015616                
	 Spins no. 0 and 2
	 Number of Monte-Carlo samples with non-zero weights: 24802 out of 100000
	 Timings:                                                     
	 Monte-Carlo samples            0:00:00.078112                
	 Resonance frequencies          0:00:00.078103                
	 Detection/pump probabilities   0:00:00.109350                
	 Modulation depths              0:00:00                       
	 Dipolar frequencies            0:00:00                       
	 PDS time trace                 0:00:00.015608                
	 Spins no. 1 and 2
	 Number of Monte-Carlo samples with non-zero weights: 25149 out of 100000
	 Timings:                                                     
	 Monte-Carlo samples            0:00:00.171852                
	 Resonance frequencies          0:00:00.093725                
	 Detection/pump probabilities   0:00:00.109315                
	 Modulation depths              0:00:00                       
	 Dipolar frequencies            0:00:00                       
	 PDS time trace                 0:00:00.015620                

Computing the time trace of the experiment 'offset 6'
	 Spins no. 0 and 1
	 Number of Monte-Carlo samples with non-zero weights: 52283 out of 100000
	 Timings:                                                     
	 Monte-Carlo samples            0:00:00.109350                
	 Resonance frequencies          0:00:00.078140                
	 Detection/pump probabilities   0:00:00.124973                
	 Modulation depths              0:00:00                       
	 Dipolar frequencies            0:00:00                       
	 PDS time trace                 0:00:00.015617                
	 Spins no. 0 and 2
	 Number of Monte-Carlo samples with non-zero weights: 51353 out of 100000
	 Timings:                                                     
	 Monte-Carlo samples            0:00:00.093731                
	 Resonance frequencies          0:00:00.078105                
	 Detection/pump probabilities   0:00:00.124972                
	 Modulation depths              0:00:00                       
	 Dipolar frequencies            0:00:00                       
	 PDS time trace                 0:00:00.015622                
	 Spins no. 1 and 2
	 Number of Monte-Carlo samples with non-zero weights: 51883 out of 100000
	 Timings:                                                     
	 Monte-Carlo samples            0:00:00.171799                
	 Resonance frequencies          0:00:00.093728                
	 Detection/pump probabilities   0:00:00.109350                
	 Modulation depths              0:00:00                       
	 Dipolar frequencies            0:00:00.015621                
	 PDS time trace                 0:00:00.015620                

Computing the time trace of the experiment 'offset 7'
	 Spins no. 0 and 1
	 Number of Monte-Carlo samples with non-zero weights: 21952 out of 100000
	 Timings:                                                     
	 Monte-Carlo samples            0:00:00.093729                
	 Resonance frequencies          0:00:00.078106                
	 Detection/pump probabilities   0:00:00.109350                
	 Modulation depths              0:00:00                       
	 Dipolar frequencies            0:00:00                       
	 PDS time trace                 0:00:00                       
	 Spins no. 0 and 2
	 Number of Monte-Carlo samples with non-zero weights: 20366 out of 100000
	 Timings:                                                     
	 Monte-Carlo samples            0:00:00.078142                
	 Resonance frequencies          0:00:00.078071                
	 Detection/pump probabilities   0:00:00.109352                
	 Modulation depths              0:00:00                       
	 Dipolar frequencies            0:00:00                       
	 PDS time trace                 0:00:00                       
	 Spins no. 1 and 2
	 Number of Monte-Carlo samples with non-zero weights: 21365 out of 100000
	 Timings:                                                     
	 Monte-Carlo samples            0:00:00.187488                
	 Resonance frequencies          0:00:00.093733                
	 Detection/pump probabilities   0:00:00.124966                
	 Modulation depths              0:00:00                       
	 Dipolar frequencies            0:00:00                       
	 PDS time trace                 0:00:00.015618                

Computing the time trace of the experiment 'offset 8'
	 Spins no. 0 and 1
	 Number of Monte-Carlo samples with non-zero weights: 1311 out of 100000
	 Timings:                                                     
	 Monte-Carlo samples            0:00:00.093700                
	 Resonance frequencies          0:00:00.093726                
	 Detection/pump probabilities   0:00:00.109378                
	 Modulation depths              0:00:00                       
	 Dipolar frequencies            0:00:00                       
	 PDS time trace                 0:00:00.015592                
	 Spins no. 0 and 2
	 Number of Monte-Carlo samples with non-zero weights: 2972 out of 100000
	 Timings:                                                     
	 Monte-Carlo samples            0:00:00.093763                
	 Resonance frequencies          0:00:00.062485                
	 Detection/pump probabilities   0:00:00.109349                
	 Modulation depths              0:00:00                       
	 Dipolar frequencies            0:00:00                       
	 PDS time trace                 0:00:00.015586                
	 Spins no. 1 and 2
	 Number of Monte-Carlo samples with non-zero weights: 1956 out of 100000
	 Timings:                                                     
	 Monte-Carlo samples            0:00:00.156217                
	 Resonance frequencies          0:00:00.093729                
	 Detection/pump probabilities   0:00:00.124972                
	 Modulation depths              0:00:00                       
	 Dipolar frequencies            0:00:00                       
	 PDS time trace                 0:00:00.015644                

Computing the time trace of the experiment 'offset 9'
	 Spins no. 0 and 1
	 Number of Monte-Carlo samples with non-zero weights: 27529 out of 100000
	 Timings:                                                     
	 Monte-Carlo samples            0:00:00.093731                
	 Resonance frequencies          0:00:00.078109                
	 Detection/pump probabilities   0:00:00.109351                
	 Modulation depths              0:00:00                       
	 Dipolar frequencies            0:00:00                       
	 PDS time trace                 0:00:00.015586                
	 Spins no. 0 and 2
	 Number of Monte-Carlo samples with non-zero weights: 26997 out of 100000
	 Timings:                                                     
	 Monte-Carlo samples            0:00:00.078108                
	 Resonance frequencies          0:00:00.078105                
	 Detection/pump probabilities   0:00:00.109350                
	 Modulation depths              0:00:00                       
	 Dipolar frequencies            0:00:00                       
	 PDS time trace                 0:00:00                       
	 Spins no. 1 and 2
	 Number of Monte-Carlo samples with non-zero weights: 27563 out of 100000
	 Timings:                                                     
	 Monte-Carlo samples            0:00:00.171834                
	 Resonance frequencies          0:00:00.078107                
	 Detection/pump probabilities   0:00:00.126610                
	 Modulation depths              0:00:00                       
	 Dipolar frequencies            0:00:00                       
	 PDS time trace                 0:00:00.015619                

Computing the time trace of the experiment 'offset 10'
	 Spins no. 0 and 1
	 Number of Monte-Carlo samples with non-zero weights: 28382 out of 100000
	 Timings:                                                     
	 Monte-Carlo samples            0:00:00.093730                
	 Resonance frequencies          0:00:00.078111                
	 Detection/pump probabilities   0:00:00.124973                
	 Modulation depths              0:00:00                       
	 Dipolar frequencies            0:00:00                       
	 PDS time trace                 0:00:00.015617                
	 Spins no. 0 and 2
	 Number of Monte-Carlo samples with non-zero weights: 27600 out of 100000
	 Timings:                                                     
	 Monte-Carlo samples            0:00:00.093735                
	 Resonance frequencies          0:00:00.078100                
	 Detection/pump probabilities   0:00:00.109348                
	 Modulation depths              0:00:00                       
	 Dipolar frequencies            0:00:00                       
	 PDS time trace                 0:00:00                       
	 Spins no. 1 and 2
	 Number of Monte-Carlo samples with non-zero weights: 28323 out of 100000
	 Timings:                                                     
	 Monte-Carlo samples            0:00:00.171834                
	 Resonance frequencies          0:00:00.093729                
	 Detection/pump probabilities   0:00:00.124941                
	 Modulation depths              0:00:00                       
	 Dipolar frequencies            0:00:00                       
	 PDS time trace                 0:00:00.015645                

Computing the time trace of the experiment 'offset 11'
	 Spins no. 0 and 1
	 Number of Monte-Carlo samples with non-zero weights: 20362 out of 100000
	 Timings:                                                     
	 Monte-Carlo samples            0:00:00.093733                
	 Resonance frequencies          0:00:00.078104                
	 Detection/pump probabilities   0:00:00.124973                
	 Modulation depths              0:00:00                       
	 Dipolar frequencies            0:00:00                       
	 PDS time trace                 0:00:00.015620                
	 Spins no. 0 and 2
	 Number of Monte-Carlo samples with non-zero weights: 23755 out of 100000
	 Timings:                                                     
	 Monte-Carlo samples            0:00:00.093732                
	 Resonance frequencies          0:00:00.078104                
	 Detection/pump probabilities   0:00:00.109321                
	 Modulation depths              0:00:00                       
	 Dipolar frequencies            0:00:00                       
	 PDS time trace                 0:00:00.015640                
	 Spins no. 1 and 2
	 Number of Monte-Carlo samples with non-zero weights: 20788 out of 100000
	 Timings:                                                     
	 Monte-Carlo samples            0:00:00.187465                
	 Resonance frequencies          0:00:00.093730                
	 Detection/pump probabilities   0:00:00.109345                
	 Modulation depths              0:00:00                       
	 Dipolar frequencies            0:00:00                       
	 PDS time trace                 0:00:00.015591                

Computing the time trace of the experiment 'offset 12'
	 Spins no. 0 and 1
	 Number of Monte-Carlo samples with non-zero weights: 5914 out of 100000
	 Timings:                                                     
	 Monte-Carlo samples            0:00:00.078111                
	 Resonance frequencies          0:00:00.078111                
	 Detection/pump probabilities   0:00:00.109348                
	 Modulation depths              0:00:00                       
	 Dipolar frequencies            0:00:00                       
	 PDS time trace                 0:00:00.015585                
	 Spins no. 0 and 2
	 Number of Monte-Carlo samples with non-zero weights: 8193 out of 100000
	 Timings:                                                     
	 Monte-Carlo samples            0:00:00.078107                
	 Resonance frequencies          0:00:00.078106                
	 Detection/pump probabilities   0:00:00.109385                
	 Modulation depths              0:00:00                       
	 Dipolar frequencies            0:00:00                       
	 PDS time trace                 0:00:00                       
	 Spins no. 1 and 2
	 Number of Monte-Carlo samples with non-zero weights: 6804 out of 100000
	 Timings:                                                     
	 Monte-Carlo samples            0:00:00.156247                
	 Resonance frequencies          0:00:00.093729                
	 Detection/pump probabilities   0:00:00.109356                
	 Modulation depths              0:00:00.015603                
	 Dipolar frequencies            0:00:00                       
	 PDS time trace                 0:00:00.015620                

Computing the time trace of the experiment 'offset 13'
	 Spins no. 0 and 1
	 Number of Monte-Carlo samples with non-zero weights: 7023 out of 100000
	 Timings:                                                     
	 Monte-Carlo samples            0:00:00.093737                
	 Resonance frequencies          0:00:00.078112                
	 Detection/pump probabilities   0:00:00.093728                
	 Modulation depths              0:00:00                       
	 Dipolar frequencies            0:00:00.015618                
	 PDS time trace                 0:00:00                       
	 Spins no. 0 and 2
	 Number of Monte-Carlo samples with non-zero weights: 7400 out of 100000
	 Timings:                                                     
	 Monte-Carlo samples            0:00:00.109350                
	 Resonance frequencies          0:00:00.062487                
	 Detection/pump probabilities   0:00:00.109350                
	 Modulation depths              0:00:00                       
	 Dipolar frequencies            0:00:00                       
	 PDS time trace                 0:00:00.015620                
	 Spins no. 1 and 2
	 Number of Monte-Carlo samples with non-zero weights: 7083 out of 100000
	 Timings:                                                     
	 Monte-Carlo samples            0:00:00.171833                
	 Resonance frequencies          0:00:00.109350                
	 Detection/pump probabilities   0:00:00.111867                
	 Modulation depths              0:00:00                       
	 Dipolar frequencies            0:00:00                       
	 PDS time trace                 0:00:00.015623                
DONE!
