
Computing the EPR spectrum of the spin system in the frequency domain...
(193, 3) (193, 3)
(193, 3) (193, 3)
<class 'dict'>
(193, 3) (193, 3)
(193, 3) (193, 3)
<class 'dict'>
(193, 3) (193, 3)
(193, 3) (193, 3)
<class 'dict'>
(193, 3) (193, 3)
(193, 3) (193, 3)
<class 'dict'>
(193, 3) (193, 3)
(193, 3) (193, 3)
<class 'dict'>
(193, 3) (193, 3)
(193, 3) (193, 3)
<class 'dict'>
<class 'dict'>
[93.40307399 93.40407399 93.40507399 93.40607399 93.40707399 93.40807399
 93.40907399 93.41007399 93.41107399 93.41207399 93.41307399 93.41407399
 93.41507399 93.41607399 93.41707399 93.41807399 93.41907399 93.42007399
 93.42107399 93.42207399 93.42307399 93.42407399 93.42507399 93.42607399
 93.42707399 93.42807399 93.42907399 93.43007399 93.43107399 93.43207399
 93.43307399 93.43407399 93.43507399 93.43607399 93.43707399 93.43807399
 93.43907399 93.44007399 93.44107399 93.44207399 93.44307399 93.44407399
 93.44507399 93.44607399 93.44707399 93.44807399 93.44907399 93.45007399
 93.45107399 93.45207399 93.45307399 93.45407399 93.45507399 93.45607399
 93.45707399 93.45807399 93.45907399 93.46007399 93.46107399 93.46207399
 93.46307399 93.46407399 93.46507399 93.46607399 93.46707399 93.46807399
 93.46907399 93.47007399 93.47107399 93.47207399 93.47307399 93.47407399
 93.47507399 93.47607399 93.47707399 93.47807399 93.47907399 93.48007399
 93.48107399 93.48207399 93.48307399 93.48407399 93.48507399 93.48607399
 93.48707399 93.48807399 93.48907399 93.49007399 93.49107399 93.49207399
 93.49307399 93.49407399 93.49507399 93.49607399 93.49707399 93.49807399
 93.49907399 93.50007399 93.50107399 93.50207399 93.50307399 93.50407399
 93.50507399 93.50607399 93.50707399 93.50807399 93.50907399 93.51007399
 93.51107399 93.51207399 93.51307399 93.51407399 93.51507399 93.51607399
 93.51707399 93.51807399 93.51907399 93.52007399 93.52107399 93.52207399
 93.52307399 93.52407399 93.52507399 93.52607399 93.52707399 93.52807399
 93.52907399 93.53007399 93.53107399 93.53207399 93.53307399 93.53407399
 93.53507399 93.53607399 93.53707399 93.53807399 93.53907399 93.54007399
 93.54107399 93.54207399 93.54307399 93.54407399 93.54507399 93.54607399
 93.54707399 93.54807399 93.54907399 93.55007399 93.55107399 93.55207399
 93.55307399 93.55407399 93.55507399 93.55607399 93.55707399 93.55807399
 93.55907399 93.56007399 93.56107399 93.56207399 93.56307399 93.56407399
 93.56507399 93.56607399 93.56707399 93.56807399 93.56907399 93.57007399
 93.57107399 93.57207399 93.57307399 93.57407399 93.57507399 93.57607399
 93.57707399 93.57807399 93.57907399 93.58007399 93.58107399 93.58207399
 93.58307399 93.58407399 93.58507399 93.58607399 93.58707399 93.58807399
 93.58907399 93.59007399 93.59107399 93.59207399 93.59307399 93.59407399
 93.59507399 93.59607399 93.59707399 93.59807399 93.59907399 93.60007399
 93.60107399 93.60207399 93.60307399 93.60407399 93.60507399 93.60607399
 93.60707399 93.60807399 93.60907399 93.61007399 93.61107399 93.61207399
 93.61307399 93.61407399 93.61507399 93.61607399 93.61707399 93.61807399
 93.61907399 93.62007399 93.62107399 93.62207399 93.62307399 93.62407399
 93.62507399 93.62607399 93.62707399 93.62807399 93.62907399 93.63007399
 93.63107399 93.63207399 93.63307399 93.63407399 93.63507399 93.63607399
 93.63707399 93.63807399 93.63907399 93.64007399 93.64107399 93.64207399
 93.64307399 93.64407399 93.64507399 93.64607399 93.64707399 93.64807399
 93.64907399 93.65007399 93.65107399 93.65207399 93.65307399 93.65407399
 93.65507399 93.65607399 93.65707399 93.65807399 93.65907399 93.66007399
 93.66107399 93.66207399 93.66307399 93.66407399 93.66507399 93.66607399
 93.66707399 93.66807399 93.66907399 93.67007399 93.67107399 93.67207399
 93.67307399 93.67407399 93.67507399 93.67607399 93.67707399 93.67807399
 93.67907399 93.68007399 93.68107399 93.68207399 93.68307399 93.68407399
 93.68507399 93.68607399 93.68707399 93.68807399 93.68907399 93.69007399
 93.69107399 93.69207399 93.69307399 93.69407399 93.69507399 93.69607399
 93.69707399 93.69807399 93.69907399 93.70007399 93.70107399 93.70207399
 93.70307399 93.70407399 93.70507399 93.70607399 93.70707399 93.70807399
 93.70907399 93.71007399 93.71107399 93.71207399 93.71307399 93.71407399
 93.71507399 93.71607399 93.71707399 93.71807399 93.71907399 93.72007399
 93.72107399 93.72207399 93.72307399 93.72407399 93.72507399 93.72607399
 93.72707399 93.72807399 93.72907399 93.73007399 93.73107399 93.73207399
 93.73307399 93.73407399 93.73507399 93.73607399 93.73707399 93.73807399
 93.73907399 93.74007399 93.74107399 93.74207399 93.74307399 93.74407399
 93.74507399 93.74607399 93.74707399 93.74807399 93.74907399 93.75007399
 93.75107399 93.75207399 93.75307399 93.75407399 93.75507399 93.75607399
 93.75707399 93.75807399 93.75907399 93.76007399 93.76107399 93.76207399
 93.76307399 93.76407399 93.76507399 93.76607399 93.76707399 93.76807399
 93.76907399 93.77007399 93.77107399 93.77207399 93.77307399 93.77407399
 93.77507399 93.77607399 93.77707399 93.77807399 93.77907399 93.78007399
 93.78107399 93.78207399 93.78307399 93.78407399 93.78507399 93.78607399
 93.78707399 93.78807399 93.78907399 93.79007399 93.79107399 93.79207399
 93.79307399 93.79407399 93.79507399 93.79607399 93.79707399 93.79807399
 93.79907399 93.80007399 93.80107399 93.80207399 93.80307399 93.80407399
 93.80507399 93.80607399 93.80707399 93.80807399 93.80907399 93.81007399
 93.81107399 93.81207399 93.81307399 93.81407399 93.81507399 93.81607399
 93.81707399 93.81807399 93.81907399 93.82007399 93.82107399 93.82207399
 93.82307399 93.82407399 93.82507399 93.82607399 93.82707399 93.82807399
 93.82907399 93.83007399 93.83107399 93.83207399 93.83307399 93.83407399
 93.83507399 93.83607399 93.83707399 93.83807399 93.83907399 93.84007399
 93.84107399 93.84207399 93.84307399 93.84407399 93.84507399 93.84607399
 93.84707399 93.84807399 93.84907399 93.85007399 93.85107399 93.85207399
 93.85307399 93.85407399 93.85507399 93.85607399 93.85707399 93.85807399
 93.85907399 93.86007399 93.86107399 93.86207399 93.86307399 93.86407399
 93.86507399 93.86607399 93.86707399 93.86807399 93.86907399 93.87007399
 93.87107399 93.87207399 93.87307399 93.87407399 93.87507399 93.87607399
 93.87707399 93.87807399 93.87907399 93.88007399 93.88107399 93.88207399
 93.88307399 93.88407399 93.88507399 93.88607399 93.88707399 93.88807399
 93.88907399 93.89007399 93.89107399 93.89207399 93.89307399 93.89407399
 93.89507399 93.89607399 93.89707399 93.89807399 93.89907399 93.90007399
 93.90107399 93.90207399 93.90307399 93.90407399 93.90507399 93.90607399
 93.90707399 93.90807399 93.90907399 93.91007399 93.91107399 93.91207399
 93.91307399 93.91407399 93.91507399 93.91607399 93.91707399 93.91807399
 93.91907399 93.92007399 93.92107399 93.92207399 93.92307399 93.92407399
 93.92507399 93.92607399 93.92707399 93.92807399 93.92907399 93.93007399
 93.93107399 93.93207399 93.93307399 93.93407399 93.93507399 93.93607399
 93.93707399 93.93807399 93.93907399 93.94007399 93.94107399 93.94207399
 93.94307399 93.94407399 93.94507399 93.94607399 93.94707399 93.94807399
 93.94907399 93.95007399 93.95107399 93.95207399 93.95307399 93.95407399
 93.95507399 93.95607399 93.95707399 93.95807399 93.95907399 93.96007399
 93.96107399 93.96207399 93.96307399 93.96407399 93.96507399 93.96607399
 93.96707399 93.96807399 93.96907399 93.97007399 93.97107399 93.97207399
 93.97307399 93.97407399 93.97507399 93.97607399 93.97707399 93.97807399
 93.97907399 93.98007399 93.98107399 93.98207399 93.98307399 93.98407399
 93.98507399 93.98607399 93.98707399 93.98807399 93.98907399 93.99007399
 93.99107399 93.99207399 93.99307399 93.99407399 93.99507399 93.99607399
 93.99707399 93.99807399 93.99907399 94.00007399 94.00107399 94.00207399
 94.00307399 94.00407399 94.00507399 94.00607399 94.00707399 94.00807399
 94.00907399 94.01007399 94.01107399 94.01207399 94.01307399 94.01407399
 94.01507399 94.01607399 94.01707399 94.01807399 94.01907399 94.02007399
 94.02107399 94.02207399 94.02307399 94.02407399 94.02507399 94.02607399
 94.02707399 94.02807399 94.02907399 94.03007399 94.03107399 94.03207399
 94.03307399 94.03407399 94.03507399 94.03607399 94.03707399 94.03807399
 94.03907399 94.04007399 94.04107399 94.04207399 94.04307399 94.04407399
 94.04507399 94.04607399 94.04707399 94.04807399 94.04907399 94.05007399
 94.05107399 94.05207399 94.05307399 94.05407399 94.05507399 94.05607399
 94.05707399 94.05807399 94.05907399 94.06007399 94.06107399 94.06207399
 94.06307399 94.06407399 94.06507399 94.06607399 94.06707399 94.06807399
 94.06907399 94.07007399 94.07107399 94.07207399 94.07307399 94.07407399
 94.07507399 94.07607399 94.07707399 94.07807399 94.07907399 94.08007399
 94.08107399 94.08207399 94.08307399 94.08407399 94.08507399 94.08607399
 94.08707399 94.08807399 94.08907399 94.09007399 94.09107399 94.09207399
 94.09307399 94.09407399 94.09507399 94.09607399 94.09707399 94.09807399
 94.09907399 94.10007399 94.10107399 94.10207399 94.10307399 94.10407399
 94.10507399 94.10607399 94.10707399 94.10807399 94.10907399 94.11007399
 94.11107399 94.11207399 94.11307399 94.11407399 94.11507399 94.11607399
 94.11707399 94.11807399 94.11907399 94.12007399 94.12107399 94.12207399
 94.12307399 94.12407399 94.12507399 94.12607399 94.12707399 94.12807399
 94.12907399 94.13007399 94.13107399 94.13207399 94.13307399 94.13407399
 94.13507399 94.13607399 94.13707399 94.13807399 94.13907399 94.14007399
 94.14107399 94.14207399 94.14307399 94.14407399 94.14507399 94.14607399
 94.14707399 94.14807399 94.14907399 94.15007399 94.15107399 94.15207399
 94.15307399 94.15407399 94.15507399 94.15607399 94.15707399 94.15807399
 94.15907399 94.16007399 94.16107399 94.16207399 94.16307399 94.16407399
 94.16507399 94.16607399 94.16707399 94.16807399 94.16907399 94.17007399]
[0.         0.         0.         0.         0.         0.
 0.         0.         0.         0.         0.         0.
 0.         0.         0.         0.         0.         0.
 0.         0.         0.         0.         0.         0.
 0.         0.         0.         0.         0.         0.
 0.         0.         0.         0.         0.         0.
 0.         0.         0.         0.         0.         0.
 0.         0.         0.         0.         0.         0.
 0.         0.         0.         0.         0.         0.
 0.         0.         0.         0.         0.         0.
 0.         0.         0.         0.         0.         0.
 0.         0.         0.         0.         0.         0.
 0.         0.         0.         0.         0.         0.
 0.         0.         0.         0.         0.         0.
 0.         0.         0.         0.         0.         0.
 0.         0.         0.         0.         0.         0.
 0.         0.         0.         0.         0.00316101 0.
 0.         0.         0.         0.         0.         0.
 0.         0.         0.         0.         0.00316101 0.
 0.         0.         0.00316101 0.         0.         0.
 0.         0.         0.         0.         0.         0.
 0.         0.         0.         0.         0.         0.
 0.         0.         0.         0.         0.         0.
 0.         0.         0.         0.         0.         0.
 0.00316101 0.         0.         0.         0.         0.
 0.         0.00731689 0.         0.00316101 0.00632202 0.
 0.         0.         0.         0.00883839 0.00731689 0.00731689
 0.         0.00883839 0.00316101 0.         0.         0.
 0.         0.         0.         0.         0.         0.
 0.         0.         0.         0.         0.         0.
 0.         0.         0.         0.02002696 0.         0.00883839
 0.         0.         0.         0.         0.         0.
 0.00883839 0.         0.         0.00316101 0.         0.01587109
 0.         0.         0.         0.         0.         0.
 0.         0.         0.         0.         0.         0.
 0.         0.         0.         0.03273704 0.00731689 0.
 0.00883839 0.00883839 0.00316101 0.00883839 0.         0.00316101
 0.         0.02002696 0.         0.         0.00883839 0.00316101
 0.00316101 0.00731689 0.00731689 0.         0.         0.
 0.         0.         0.         0.         0.         0.
 0.01693303 0.         0.         0.02185495 0.01271008 0.00883839
 0.         0.         0.         0.         0.00731689 0.00883839
 0.01271008 0.01463377 0.         0.         0.         0.
 0.01693303 0.         0.01271008 0.         0.         0.00731689
 0.         0.00731689 0.01769908 0.         0.01271008 0.
 0.         0.         0.         0.00883839 0.01453807 0.01615528
 0.         0.00731689 0.00883839 0.01587109 0.00883839 0.00731689
 0.01453807 0.01453807 0.02154847 0.01453807 0.01271008 0.00883839
 0.         0.01271008 0.05444031 0.         0.         0.00948303
 0.01271008 0.         0.00316101 0.         0.00632202 0.00731689
 0.02542015 0.01271008 0.04270445 0.02858116 0.01931629 0.
 0.01453807 0.03012332 0.03242421 0.01271008 0.         0.0104779
 0.02154847 0.02724814 0.02501596 0.01769908 0.01741324 0.00883839
 0.01587109 0.         0.04696862 0.00316101 0.04290211 0.02577142
 0.         0.03012332 0.02154847 0.01693303 0.00731689 0.01741324
 0.06081666 0.01271008 0.00883839 0.03926819 0.00731689 0.02470948
 0.05126759 0.         0.         0.05449628 0.01741324 0.
 0.03425854 0.01453807 0.00731689 0.         0.02337646 0.01453807
 0.04753656 0.01271008 0.04040519 0.         0.06860481 0.03012332
 0.03974109 0.02002696 0.00731689 0.03712737 0.         0.07072715
 0.0459944  0.03195131 0.0119994  0.04949899 0.02542015 0.01741324
 0.03012332 0.03195131 0.04548555 0.06324288 0.         0.04967007
 0.05175951 0.         0.0342522  0.06570854 0.03242421 0.04418117
 0.03712737 0.04888434 0.0374402  0.02424992 0.00316101 0.05945903
 0.01741324 0.01741324 0.0296431  0.03012332 0.01271008 0.04710403
 0.         0.00883839 0.04983745 0.03676079 0.03763851 0.0349328
 0.04596576 0.04225395 0.02625163 0.0717185  0.01906171 0.02154847
 0.02070548 0.09105594 0.02952158 0.01271008 0.07826116 0.05301956
 0.01906171 0.06742834 0.04543561 0.08079225 0.01693303 0.05718043
 0.0508065  0.05263449 0.04531334 0.00632202 0.01453807 0.04141096
 0.08165476 0.05922536 0.04041961 0.06224637 0.04235318 0.03678892
 0.08320242 0.01985589 0.04258928 0.09280109 0.06363368 0.
 0.02070548 0.02222272 0.08674994 0.03242421 0.12329358 0.05505175
 0.05384552 0.11947369 0.11208926 0.05583244 0.07336227 0.09789172
 0.04138867 0.10915593 0.07151198 0.06411294 0.04283339 0.11346993
 0.11049434 0.11509709 0.08474032 0.15572457 0.         0.07651563
 0.16192048 0.12242917 0.08713133 0.09616831 0.04705635 0.0995109
 0.08257829 0.09837193 0.12564483 0.11188066 0.05396908 0.1019686
 0.0397449  0.12852547 0.06692488 0.07942893 0.08728145 0.08131547
 0.05481867 0.09402316 0.15360122 0.09305649 0.17505019 0.14127473
 0.01453807 0.03599474 0.09664069 0.09860514 0.09719881 0.06369258
 0.04357568 0.18861202 0.11265029 0.06159418 0.09864035 0.12232285
 0.0982262  0.05964094 0.1396621  0.1112033  0.07818169 0.06809813
 0.12680715 0.05529441 0.09301709 0.04193192 0.05769669 0.08768149
 0.10629921 0.07818169 0.06471451 0.01906171 0.05517532 0.14602143
 0.0839953  0.15530225 0.07607646 0.08334288 0.11118366 0.09934839
 0.12696752 0.12837859 0.06432196 0.04366105 0.05669787 0.08274186
 0.15052655 0.08658432 0.10411219 0.1498526  0.02394692 0.10097895
 0.05965912 0.08286778 0.08129956 0.04357568 0.09942934 0.08818351
 0.08395071 0.04574041 0.02230391 0.06207185 0.06414822 0.06369258
 0.10511653 0.02070548 0.15162015 0.02068319 0.09837934 0.10724597
 0.03877584 0.16832647 0.08883517 0.0389176  0.04201805 0.10650404
 0.04056137 0.0658796  0.08409247 0.01741324 0.15649953 0.10508124
 0.04258434 0.10943299 0.0592164  0.0421598  0.04201805 0.04574041
 0.08982652 0.04403133 0.0845792  0.03712737 0.12966495 0.04357568
 0.10709263 0.04028345 0.10707033 0.02230391 0.0228702  0.07488945
 0.0170566  0.06503001 0.07653792 0.04272609 0.0616867  0.04355339
 0.08416656 0.07915074 0.1253468  0.02068319 0.02068319 0.04346504
 0.         0.02116112 0.08348019 0.06693402 0.02452245 0.03411319
 0.11723661 0.04355339 0.         0.15353038 0.0228702  0.06690153
 0.03691249 0.02452245 0.06063228 0.05942591 0.10655882 0.03776208
 0.15945999 0.06999335 0.06300543 0.03411319 0.         0.08203402
 0.0399268  0.06060999 0.03821772 0.05793185 0.03821772 0.00746585
 0.03411319 0.         0.02068319 0.         0.02068319 0.03411319
 0.02452245 0.02452245 0.0170566  0.00746585 0.02068319 0.05890091
 0.03411319 0.         0.00746585 0.03677073 0.         0.03411319
 0.02717998 0.         0.         0.00746585 0.         0.04568357
 0.         0.         0.03773978 0.         0.         0.01985589
 0.04437834 0.02068319 0.02116112 0.04272609 0.02068319 0.
 0.02116112 0.         0.         0.         0.0170566  0.01985589
 0.         0.         0.         0.0170566  0.         0.0170566
 0.         0.         0.         0.         0.         0.
 0.         0.         0.         0.         0.         0.
 0.         0.         0.         0.         0.         0.
 0.         0.         0.         0.         0.         0.
 0.         0.         0.         0.         0.         0.
 0.         0.         0.         0.         0.         0.
 0.         0.         0.         0.         0.         0.
 0.         0.         0.         0.         0.         0.
 0.         0.         0.         0.         0.         0.
 0.         0.         0.         0.         0.         0.
 0.         0.         0.         0.         0.         0.
 0.         0.         0.         0.         0.         0.
 0.         0.         0.         0.         0.         0.
 0.         0.         0.         0.         0.         0.
 0.         0.         0.         0.         0.         0.
 0.         0.         0.         0.         0.         0.
 0.         0.         0.         0.         0.         0.        ]
