
Computing the time trace of the experiment 'offset XX'...
(array([[ 1.        ,  0.        ,  0.        ],
       [-1.        ,  0.        ,  0.        ],
       [ 0.        ,  1.        ,  0.        ],
       [ 0.        , -1.        ,  0.        ],
       [ 0.57735027,  0.57735027,  0.57735027],
       [ 0.57735027,  0.57735027, -0.57735027],
       [ 0.57735027, -0.57735027,  0.57735027],
       [ 0.57735027, -0.57735027, -0.57735027],
       [-0.57735027,  0.57735027,  0.57735027],
       [-0.57735027,  0.57735027, -0.57735027],
       [-0.57735027, -0.57735027,  0.57735027],
       [-0.57735027, -0.57735027, -0.57735027],
       [ 0.45970084,  0.88807383,  0.        ],
       [ 0.45970084, -0.88807383,  0.        ],
       [-0.45970084,  0.88807383,  0.        ],
       [-0.45970084, -0.88807383,  0.        ],
       [ 0.88807383,  0.45970084,  0.        ],
       [ 0.88807383, -0.45970084,  0.        ],
       [-0.88807383,  0.45970084,  0.        ],
       [-0.88807383, -0.45970084,  0.        ],
       [ 0.45970084,  0.        ,  0.88807383],
       [ 0.45970084,  0.        , -0.88807383],
       [-0.45970084,  0.        ,  0.88807383],
       [-0.45970084,  0.        , -0.88807383],
       [ 0.88807383,  0.        ,  0.45970084],
       [ 0.88807383,  0.        , -0.45970084],
       [-0.88807383,  0.        ,  0.45970084],
       [-0.88807383,  0.        , -0.45970084],
       [ 0.        ,  0.45970084,  0.88807383],
       [ 0.        ,  0.45970084, -0.88807383],
       [ 0.        , -0.45970084,  0.88807383],
       [ 0.        , -0.45970084, -0.88807383],
       [ 0.        ,  0.88807383,  0.45970084],
       [ 0.        ,  0.88807383, -0.45970084],
       [ 0.        , -0.88807383,  0.45970084],
       [ 0.        , -0.88807383, -0.45970084]]), array([0.11967972, 0.11967972, 0.11967972, 0.11967972, 0.32979853,
       0.32979853, 0.32979853, 0.32979853, 0.32979853, 0.32979853,
       0.32979853, 0.32979853, 0.35903916, 0.35903916, 0.35903916,
       0.35903916, 0.35903916, 0.35903916, 0.35903916, 0.35903916,
       0.1650506 , 0.1650506 , 0.1650506 , 0.1650506 , 0.31885328,
       0.31885328, 0.31885328, 0.31885328, 0.1650506 , 0.1650506 ,
       0.1650506 , 0.1650506 , 0.31885328, 0.31885328, 0.31885328,
       0.31885328]))
