
Pre-compute the detection and pump probabilities for spin 1...

Computing the EPR spectrum of the spin system in the frequency domain...

Computing the bandwidths of detection and pump pulses...

Computing the time trace of the experiment 'offset XX'
	 Number of Monte-Carlo samples with non-zero weights: 433027 out of 1000000
	 Timings:                                                     
	 Monte-Carlo samples            0:00:00.999759                
	 Resonance frequencies          0:00:00.952905                
	 Detection/pump probabilities   0:00:00.982102                
	 Modulation depths              0:00:00                       
	 Dipolar frequencies            0:00:00.046894                
	 PDS time trace                 0:00:00.046867                

Computing the time trace of the experiment 'offset YY'
	 Number of Monte-Carlo samples with non-zero weights: 854082 out of 1000000
	 Timings:                                                     
	 Monte-Carlo samples            0:00:01.019712                
	 Resonance frequencies          0:00:00.921659                
	 Detection/pump probabilities   0:00:00.984150                
	 Modulation depths              0:00:00                       
	 Dipolar frequencies            0:00:00.093689                
	 PDS time trace                 0:00:00.062520                

Computing the time trace of the experiment 'offset ZZ'
	 Number of Monte-Carlo samples with non-zero weights: 485310 out of 1000000
	 Timings:                                                     
	 Monte-Carlo samples            0:00:00.984141                
	 Resonance frequencies          0:00:00.934440                
	 Detection/pump probabilities   0:00:00.927075                
	 Modulation depths              0:00:00                       
	 Dipolar frequencies            0:00:00.062482                
	 PDS time trace                 0:00:00.031279                

Computing the time trace of the experiment 'offset YX'
	 Number of Monte-Carlo samples with non-zero weights: 433240 out of 1000000
	 Timings:                                                     
	 Monte-Carlo samples            0:00:00.999763                
	 Resonance frequencies          0:00:00.906036                
	 Detection/pump probabilities   0:00:00.915521                
	 Modulation depths              0:00:00.015610                
	 Dipolar frequencies            0:00:00.046876                
	 PDS time trace                 0:00:00.031240                

Computing the time trace of the experiment 'offset YZ'
	 Number of Monte-Carlo samples with non-zero weights: 680215 out of 1000000
	 Timings:                                                     
	 Monte-Carlo samples            0:00:00.992461                
	 Resonance frequencies          0:00:00.906040                
	 Detection/pump probabilities   0:00:00.937281                
	 Modulation depths              0:00:00                       
	 Dipolar frequencies            0:00:00.078103                
	 PDS time trace                 0:00:00.046865                

Computing the time trace of the experiment 'offset ZX'
	 Number of Monte-Carlo samples with non-zero weights: 433171 out of 1000000
	 Timings:                                                     
	 Monte-Carlo samples            0:00:00.984139                
	 Resonance frequencies          0:00:00.921665                
	 Detection/pump probabilities   0:00:00.907400                
	 Modulation depths              0:00:00                       
	 Dipolar frequencies            0:00:00.046864                
	 PDS time trace                 0:00:00.046864                
DONE!
