
Computing the time trace of the experiment 'offset XX'...
[[ 1.          0.          0.        ]
 [-1.          0.          0.        ]
 [ 0.          1.          0.        ]
 [ 0.         -1.          0.        ]
 [ 0.57735027  0.57735027  0.57735027]
 [ 0.57735027  0.57735027 -0.57735027]
 [ 0.57735027 -0.57735027  0.57735027]
 [ 0.57735027 -0.57735027 -0.57735027]
 [-0.57735027  0.57735027  0.57735027]
 [-0.57735027  0.57735027 -0.57735027]
 [-0.57735027 -0.57735027  0.57735027]
 [-0.57735027 -0.57735027 -0.57735027]
 [ 0.45970084  0.88807383  0.        ]
 [ 0.45970084 -0.88807383  0.        ]
 [-0.45970084  0.88807383  0.        ]
 [-0.45970084 -0.88807383  0.        ]
 [ 0.88807383  0.45970084  0.        ]
 [ 0.88807383 -0.45970084  0.        ]
 [-0.88807383  0.45970084  0.        ]
 [-0.88807383 -0.45970084  0.        ]
 [ 0.45970084  0.          0.88807383]
 [ 0.45970084  0.         -0.88807383]
 [-0.45970084  0.          0.88807383]
 [-0.45970084  0.         -0.88807383]
 [ 0.88807383  0.          0.45970084]
 [ 0.88807383  0.         -0.45970084]
 [-0.88807383  0.          0.45970084]
 [-0.88807383  0.         -0.45970084]
 [ 0.          0.45970084  0.88807383]
 [ 0.          0.45970084 -0.88807383]
 [ 0.         -0.45970084  0.88807383]
 [ 0.         -0.45970084 -0.88807383]
 [ 0.          0.88807383  0.45970084]
 [ 0.          0.88807383 -0.45970084]
 [ 0.         -0.88807383  0.45970084]
 [ 0.         -0.88807383 -0.45970084]]
(36, 3) (23400, 3)
