
Pre-compute the detection and pump probabilities for spin 1...

Computing the EPR spectrum of the spin system in the frequency domain...

Computing the bandwidths of detection and pump pulses...

Computing the time trace of the experiment 'offset 1'
	 Spins no. 0 and 1
	 Number of Monte-Carlo samples with non-zero weights: 54943 out of 100000
	 Timings:                                                     
	 Monte-Carlo samples            0:00:00.183684                
	 Resonance frequencies          0:00:00.136145                
	 Detection/pump probabilities   0:00:00.216964                
	 Modulation depths              0:00:00.001046                
	 Dipolar frequencies            0:00:00.009269                
	 PDS time trace                 0:00:00.051179                
	 Spins no. 0 and 2
	 Number of Monte-Carlo samples with non-zero weights: 52562 out of 100000
	 Timings:                                                     
	 Monte-Carlo samples            0:00:00.182498                
	 Resonance frequencies          0:00:00.135245                
	 Detection/pump probabilities   0:00:00.218374                
	 Modulation depths              0:00:00.001024                
	 Dipolar frequencies            0:00:00.008288                
	 PDS time trace                 0:00:00.019173                
	 Spins no. 1 and 2
	 Number of Monte-Carlo samples with non-zero weights: 54685 out of 100000
	 Timings:                                                     
	 Monte-Carlo samples            0:00:00.362335                
	 Resonance frequencies          0:00:00.155696                
	 Detection/pump probabilities   0:00:00.216126                
	 Modulation depths              0:00:00.000933                
	 Dipolar frequencies            0:00:00.009332                
	 PDS time trace                 0:00:00.093781                

Computing the time trace of the experiment 'offset 2'
	 Spins no. 0 and 1
	 Number of Monte-Carlo samples with non-zero weights: 54394 out of 100000
	 Timings:                                                     
	 Monte-Carlo samples            0:00:00.174408                
	 Resonance frequencies          0:00:00.134790                
	 Detection/pump probabilities   0:00:00.218139                
	 Modulation depths              0:00:00.000922                
	 Dipolar frequencies            0:00:00.008742                
	 PDS time trace                 0:00:00.051075                
	 Spins no. 0 and 2
	 Number of Monte-Carlo samples with non-zero weights: 51841 out of 100000
	 Timings:                                                     
	 Monte-Carlo samples            0:00:00.182631                
	 Resonance frequencies          0:00:00.134170                
	 Detection/pump probabilities   0:00:00.219553                
	 Modulation depths              0:00:00.000856                
	 Dipolar frequencies            0:00:00.008373                
	 PDS time trace                 0:00:00.020290                
	 Spins no. 1 and 2
	 Number of Monte-Carlo samples with non-zero weights: 53740 out of 100000
	 Timings:                                                     
	 Monte-Carlo samples            0:00:00.345174                
	 Resonance frequencies          0:00:00.154420                
	 Detection/pump probabilities   0:00:00.216930                
	 Modulation depths              0:00:00.000921                
	 Dipolar frequencies            0:00:00.008746                
	 PDS time trace                 0:00:00.095364                

Computing the time trace of the experiment 'offset 3'
	 Spins no. 0 and 1
	 Number of Monte-Carlo samples with non-zero weights: 10978 out of 100000
	 Timings:                                                     
	 Monte-Carlo samples            0:00:00.173592                
	 Resonance frequencies          0:00:00.134375                
	 Detection/pump probabilities   0:00:00.215873                
	 Modulation depths              0:00:00.000338                
	 Dipolar frequencies            0:00:00.002419                
	 PDS time trace                 0:00:00.043825                
	 Spins no. 0 and 2
	 Number of Monte-Carlo samples with non-zero weights: 10406 out of 100000
	 Timings:                                                     
	 Monte-Carlo samples            0:00:00.181487                
	 Resonance frequencies          0:00:00.133737                
	 Detection/pump probabilities   0:00:00.211935                
	 Modulation depths              0:00:00.000269                
	 Dipolar frequencies            0:00:00.002225                
	 PDS time trace                 0:00:00.012540                
	 Spins no. 1 and 2
	 Number of Monte-Carlo samples with non-zero weights: 10864 out of 100000
	 Timings:                                                     
	 Monte-Carlo samples            0:00:00.364123                
	 Resonance frequencies          0:00:00.156279                
	 Detection/pump probabilities   0:00:00.210646                
	 Modulation depths              0:00:00.000285                
	 Dipolar frequencies            0:00:00.002275                
	 PDS time trace                 0:00:00.080285                

Computing the time trace of the experiment 'offset 4'
	 Spins no. 0 and 1
	 Number of Monte-Carlo samples with non-zero weights: 47747 out of 100000
	 Timings:                                                     
	 Monte-Carlo samples            0:00:00.174592                
	 Resonance frequencies          0:00:00.133407                
	 Detection/pump probabilities   0:00:00.218300                
	 Modulation depths              0:00:00.000794                
	 Dipolar frequencies            0:00:00.007605                
	 PDS time trace                 0:00:00.049413                
	 Spins no. 0 and 2
	 Number of Monte-Carlo samples with non-zero weights: 48364 out of 100000
	 Timings:                                                     
	 Monte-Carlo samples            0:00:00.180169                
	 Resonance frequencies          0:00:00.134234                
	 Detection/pump probabilities   0:00:00.219219                
	 Modulation depths              0:00:00.000901                
	 Dipolar frequencies            0:00:00.007650                
	 PDS time trace                 0:00:00.018717                
	 Spins no. 1 and 2
	 Number of Monte-Carlo samples with non-zero weights: 48553 out of 100000
	 Timings:                                                     
	 Monte-Carlo samples            0:00:00.345933                
	 Resonance frequencies          0:00:00.154915                
	 Detection/pump probabilities   0:00:00.216832                
	 Modulation depths              0:00:00.000856                
	 Dipolar frequencies            0:00:00.007837                
	 PDS time trace                 0:00:00.090563                

Computing the time trace of the experiment 'offset 5'
	 Spins no. 0 and 1
	 Number of Monte-Carlo samples with non-zero weights: 24752 out of 100000
	 Timings:                                                     
	 Monte-Carlo samples            0:00:00.172819                
	 Resonance frequencies          0:00:00.132633                
	 Detection/pump probabilities   0:00:00.213600                
	 Modulation depths              0:00:00.000457                
	 Dipolar frequencies            0:00:00.004615                
	 PDS time trace                 0:00:00.044929                
	 Spins no. 0 and 2
	 Number of Monte-Carlo samples with non-zero weights: 24784 out of 100000
	 Timings:                                                     
	 Monte-Carlo samples            0:00:00.168132                
	 Resonance frequencies          0:00:00.133451                
	 Detection/pump probabilities   0:00:00.208910                
	 Modulation depths              0:00:00.000470                
	 Dipolar frequencies            0:00:00.004103                
	 PDS time trace                 0:00:00.014002                
	 Spins no. 1 and 2
	 Number of Monte-Carlo samples with non-zero weights: 24853 out of 100000
	 Timings:                                                     
	 Monte-Carlo samples            0:00:00.362032                
	 Resonance frequencies          0:00:00.155525                
	 Detection/pump probabilities   0:00:00.213620                
	 Modulation depths              0:00:00.000453                
	 Dipolar frequencies            0:00:00.004138                
	 PDS time trace                 0:00:00.076699                

Computing the time trace of the experiment 'offset 6'
	 Spins no. 0 and 1
	 Number of Monte-Carlo samples with non-zero weights: 52426 out of 100000
	 Timings:                                                     
	 Monte-Carlo samples            0:00:00.177229                
	 Resonance frequencies          0:00:00.133916                
	 Detection/pump probabilities   0:00:00.218946                
	 Modulation depths              0:00:00.000867                
	 Dipolar frequencies            0:00:00.008166                
	 PDS time trace                 0:00:00.052112                
	 Spins no. 0 and 2
	 Number of Monte-Carlo samples with non-zero weights: 51217 out of 100000
	 Timings:                                                     
	 Monte-Carlo samples            0:00:00.180490                
	 Resonance frequencies          0:00:00.134589                
	 Detection/pump probabilities   0:00:00.218475                
	 Modulation depths              0:00:00.000884                
	 Dipolar frequencies            0:00:00.008657                
	 PDS time trace                 0:00:00.019142                
	 Spins no. 1 and 2
	 Number of Monte-Carlo samples with non-zero weights: 52065 out of 100000
	 Timings:                                                     
	 Monte-Carlo samples            0:00:00.345099                
	 Resonance frequencies          0:00:00.155221                
	 Detection/pump probabilities   0:00:00.217328                
	 Modulation depths              0:00:00.000912                
	 Dipolar frequencies            0:00:00.008276                
	 PDS time trace                 0:00:00.097759                

Computing the time trace of the experiment 'offset 7'
	 Spins no. 0 and 1
	 Number of Monte-Carlo samples with non-zero weights: 22012 out of 100000
	 Timings:                                                     
	 Monte-Carlo samples            0:00:00.175424                
	 Resonance frequencies          0:00:00.132461                
	 Detection/pump probabilities   0:00:00.212091                
	 Modulation depths              0:00:00.000456                
	 Dipolar frequencies            0:00:00.003785                
	 PDS time trace                 0:00:00.046934                
	 Spins no. 0 and 2
	 Number of Monte-Carlo samples with non-zero weights: 20475 out of 100000
	 Timings:                                                     
	 Monte-Carlo samples            0:00:00.180732                
	 Resonance frequencies          0:00:00.133233                
	 Detection/pump probabilities   0:00:00.211767                
	 Modulation depths              0:00:00.000434                
	 Dipolar frequencies            0:00:00.003534                
	 PDS time trace                 0:00:00.013574                
	 Spins no. 1 and 2
	 Number of Monte-Carlo samples with non-zero weights: 21203 out of 100000
	 Timings:                                                     
	 Monte-Carlo samples            0:00:00.362285                
	 Resonance frequencies          0:00:00.155615                
	 Detection/pump probabilities   0:00:00.212397                
	 Modulation depths              0:00:00.000414                
	 Dipolar frequencies            0:00:00.003643                
	 PDS time trace                 0:00:00.080491                

Computing the time trace of the experiment 'offset 8'
	 Spins no. 0 and 1
	 Number of Monte-Carlo samples with non-zero weights: 1276 out of 100000
	 Timings:                                                     
	 Monte-Carlo samples            0:00:00.172882                
	 Resonance frequencies          0:00:00.132479                
	 Detection/pump probabilities   0:00:00.208641                
	 Modulation depths              0:00:00.000154                
	 Dipolar frequencies            0:00:00.000419                
	 PDS time trace                 0:00:00.040546                
	 Spins no. 0 and 2
	 Number of Monte-Carlo samples with non-zero weights: 2919 out of 100000
	 Timings:                                                     
	 Monte-Carlo samples            0:00:00.179455                
	 Resonance frequencies          0:00:00.132572                
	 Detection/pump probabilities   0:00:00.210628                
	 Modulation depths              0:00:00.000168                
	 Dipolar frequencies            0:00:00.000827                
	 PDS time trace                 0:00:00.010929                
	 Spins no. 1 and 2
	 Number of Monte-Carlo samples with non-zero weights: 1828 out of 100000
	 Timings:                                                     
	 Monte-Carlo samples            0:00:00.360564                
	 Resonance frequencies          0:00:00.156302                
	 Detection/pump probabilities   0:00:00.209829                
	 Modulation depths              0:00:00.000147                
	 Dipolar frequencies            0:00:00.000546                
	 PDS time trace                 0:00:00.069502                

Computing the time trace of the experiment 'offset 9'
	 Spins no. 0 and 1
	 Number of Monte-Carlo samples with non-zero weights: 27540 out of 100000
	 Timings:                                                     
	 Monte-Carlo samples            0:00:00.171604                
	 Resonance frequencies          0:00:00.131965                
	 Detection/pump probabilities   0:00:00.212794                
	 Modulation depths              0:00:00.000497                
	 Dipolar frequencies            0:00:00.004574                
	 PDS time trace                 0:00:00.046726                
	 Spins no. 0 and 2
	 Number of Monte-Carlo samples with non-zero weights: 27178 out of 100000
	 Timings:                                                     
	 Monte-Carlo samples            0:00:00.179871                
	 Resonance frequencies          0:00:00.132466                
	 Detection/pump probabilities   0:00:00.212234                
	 Modulation depths              0:00:00.000504                
	 Dipolar frequencies            0:00:00.004606                
	 PDS time trace                 0:00:00.015136                
	 Spins no. 1 and 2
	 Number of Monte-Carlo samples with non-zero weights: 27673 out of 100000
	 Timings:                                                     
	 Monte-Carlo samples            0:00:00.362650                
	 Resonance frequencies          0:00:00.156398                
	 Detection/pump probabilities   0:00:00.212791                
	 Modulation depths              0:00:00.000491                
	 Dipolar frequencies            0:00:00.004566                
	 PDS time trace                 0:00:00.088427                

Computing the time trace of the experiment 'offset 10'
	 Spins no. 0 and 1
	 Number of Monte-Carlo samples with non-zero weights: 28555 out of 100000
	 Timings:                                                     
	 Monte-Carlo samples            0:00:00.173189                
	 Resonance frequencies          0:00:00.133476                
	 Detection/pump probabilities   0:00:00.212534                
	 Modulation depths              0:00:00.000534                
	 Dipolar frequencies            0:00:00.005171                
	 PDS time trace                 0:00:00.047165                
	 Spins no. 0 and 2
	 Number of Monte-Carlo samples with non-zero weights: 27835 out of 100000
	 Timings:                                                     
	 Monte-Carlo samples            0:00:00.180083                
	 Resonance frequencies          0:00:00.133096                
	 Detection/pump probabilities   0:00:00.215014                
	 Modulation depths              0:00:00.000527                
	 Dipolar frequencies            0:00:00.005172                
	 PDS time trace                 0:00:00.015928                
	 Spins no. 1 and 2
	 Number of Monte-Carlo samples with non-zero weights: 28406 out of 100000
	 Timings:                                                     
	 Monte-Carlo samples            0:00:00.369761                
	 Resonance frequencies          0:00:00.160982                
	 Detection/pump probabilities   0:00:00.218221                
	 Modulation depths              0:00:00.000495                
	 Dipolar frequencies            0:00:00.004712                
	 PDS time trace                 0:00:00.089093                

Computing the time trace of the experiment 'offset 11'
	 Spins no. 0 and 1
	 Number of Monte-Carlo samples with non-zero weights: 20431 out of 100000
	 Timings:                                                     
	 Monte-Carlo samples            0:00:00.172569                
	 Resonance frequencies          0:00:00.138394                
	 Detection/pump probabilities   0:00:00.217992                
	 Modulation depths              0:00:00.000444                
	 Dipolar frequencies            0:00:00.003648                
	 PDS time trace                 0:00:00.045950                
	 Spins no. 0 and 2
	 Number of Monte-Carlo samples with non-zero weights: 23686 out of 100000
	 Timings:                                                     
	 Monte-Carlo samples            0:00:00.168941                
	 Resonance frequencies          0:00:00.131850                
	 Detection/pump probabilities   0:00:00.207493                
	 Modulation depths              0:00:00.000468                
	 Dipolar frequencies            0:00:00.004070                
	 PDS time trace                 0:00:00.014009                
	 Spins no. 1 and 2
	 Number of Monte-Carlo samples with non-zero weights: 20990 out of 100000
	 Timings:                                                     
	 Monte-Carlo samples            0:00:00.342585                
	 Resonance frequencies          0:00:00.153827                
	 Detection/pump probabilities   0:00:00.221605                
	 Modulation depths              0:00:00.000417                
	 Dipolar frequencies            0:00:00.003790                
	 PDS time trace                 0:00:00.080089                

Computing the time trace of the experiment 'offset 12'
	 Spins no. 0 and 1
	 Number of Monte-Carlo samples with non-zero weights: 5909 out of 100000
	 Timings:                                                     
	 Monte-Carlo samples            0:00:00.172326                
	 Resonance frequencies          0:00:00.131775                
	 Detection/pump probabilities   0:00:00.209201                
	 Modulation depths              0:00:00.000208                
	 Dipolar frequencies            0:00:00.001403                
	 PDS time trace                 0:00:00.043794                
	 Spins no. 0 and 2
	 Number of Monte-Carlo samples with non-zero weights: 8184 out of 100000
	 Timings:                                                     
	 Monte-Carlo samples            0:00:00.170504                
	 Resonance frequencies          0:00:00.132704                
	 Detection/pump probabilities   0:00:00.210223                
	 Modulation depths              0:00:00.000343                
	 Dipolar frequencies            0:00:00.001837                
	 PDS time trace                 0:00:00.013014                
	 Spins no. 1 and 2
	 Number of Monte-Carlo samples with non-zero weights: 6767 out of 100000
	 Timings:                                                     
	 Monte-Carlo samples            0:00:00.365869                
	 Resonance frequencies          0:00:00.155496                
	 Detection/pump probabilities   0:00:00.210362                
	 Modulation depths              0:00:00.000227                
	 Dipolar frequencies            0:00:00.001582                
	 PDS time trace                 0:00:00.067747                

Computing the time trace of the experiment 'offset 13'
	 Spins no. 0 and 1
	 Number of Monte-Carlo samples with non-zero weights: 6933 out of 100000
	 Timings:                                                     
	 Monte-Carlo samples            0:00:00.173562                
	 Resonance frequencies          0:00:00.131902                
	 Detection/pump probabilities   0:00:00.209812                
	 Modulation depths              0:00:00.000231                
	 Dipolar frequencies            0:00:00.001715                
	 PDS time trace                 0:00:00.044417                
	 Spins no. 0 and 2
	 Number of Monte-Carlo samples with non-zero weights: 7522 out of 100000
	 Timings:                                                     
	 Monte-Carlo samples            0:00:00.178728                
	 Resonance frequencies          0:00:00.132890                
	 Detection/pump probabilities   0:00:00.210572                
	 Modulation depths              0:00:00.000228                
	 Dipolar frequencies            0:00:00.001873                
	 PDS time trace                 0:00:00.011196                
	 Spins no. 1 and 2
	 Number of Monte-Carlo samples with non-zero weights: 7224 out of 100000
	 Timings:                                                     
	 Monte-Carlo samples            0:00:00.344382                
	 Resonance frequencies          0:00:00.153033                
	 Detection/pump probabilities   0:00:00.211152                
	 Modulation depths              0:00:00.000232                
	 Dipolar frequencies            0:00:00.001755                
	 PDS time trace                 0:00:00.072890                
DONE!
