
Pre-compute the detection and pump probabilities for spin 1...

Computing the EPR spectrum of the spin system in the frequency domain...

Computing the bandwidths of detection and pump pulses...

Computing the time trace of the experiment 'offset XX'
	 Number of Monte-Carlo samples with non-zero weights: 433706 out of 1000000
	 Timings:                                                     
	 Monte-Carlo samples            0:00:02.287462                
	 Resonance frequencies          0:00:01.549233                
	 Detection/pump probabilities   0:00:01.706673                
	 Modulation depths              0:00:00.006413                
	 Dipolar frequencies            0:00:00.074945                
	 PDS time trace                 0:00:00.105844                

Computing the time trace of the experiment 'offset YY'
	 Number of Monte-Carlo samples with non-zero weights: 853890 out of 1000000
	 Timings:                                                     
	 Monte-Carlo samples            0:00:02.297717                
	 Resonance frequencies          0:00:01.556808                
	 Detection/pump probabilities   0:00:01.781139                
	 Modulation depths              0:00:00.013122                
	 Dipolar frequencies            0:00:00.148526                
	 PDS time trace                 0:00:00.178418                

Computing the time trace of the experiment 'offset ZZ'
	 Number of Monte-Carlo samples with non-zero weights: 485912 out of 1000000
	 Timings:                                                     
	 Monte-Carlo samples            0:00:02.223034                
	 Resonance frequencies          0:00:01.555721                
	 Detection/pump probabilities   0:00:01.728904                
	 Modulation depths              0:00:00.007730                
	 Dipolar frequencies            0:00:00.082922                
	 PDS time trace                 0:00:00.116499                

Computing the time trace of the experiment 'offset YX'
	 Number of Monte-Carlo samples with non-zero weights: 433562 out of 1000000
	 Timings:                                                     
	 Monte-Carlo samples            0:00:02.221329                
	 Resonance frequencies          0:00:01.591996                
	 Detection/pump probabilities   0:00:01.733374                
	 Modulation depths              0:00:00.006452                
	 Dipolar frequencies            0:00:00.078794                
	 PDS time trace                 0:00:00.105153                

Computing the time trace of the experiment 'offset YZ'
	 Number of Monte-Carlo samples with non-zero weights: 679306 out of 1000000
	 Timings:                                                     
	 Monte-Carlo samples            0:00:02.203554                
	 Resonance frequencies          0:00:01.575417                
	 Detection/pump probabilities   0:00:01.825027                
	 Modulation depths              0:00:00.010721                
	 Dipolar frequencies            0:00:00.116982                
	 PDS time trace                 0:00:00.149865                

Computing the time trace of the experiment 'offset ZX'
	 Number of Monte-Carlo samples with non-zero weights: 432836 out of 1000000
	 Timings:                                                     
	 Monte-Carlo samples            0:00:02.216159                
	 Resonance frequencies          0:00:01.570710                
	 Detection/pump probabilities   0:00:01.724874                
	 Modulation depths              0:00:00.006482                
	 Dipolar frequencies            0:00:00.078331                
	 PDS time trace                 0:00:00.109837                
DONE!
